mode: set
github.com/MaximeWewer/OpenLDAP_prometheus_exporter/pkg/config/config.go:36.36,40.25 3 1
github.com/MaximeWewer/OpenLDAP_prometheus_exporter/pkg/config/config.go:40.25,43.17 3 1
github.com/MaximeWewer/OpenLDAP_prometheus_exporter/pkg/config/config.go:43.17,45.4 1 0
github.com/MaximeWewer/OpenLDAP_prometheus_exporter/pkg/config/config.go:49.2,63.22 2 1
github.com/MaximeWewer/OpenLDAP_prometheus_exporter/pkg/config/config.go:63.22,65.3 1 0
github.com/MaximeWewer/OpenLDAP_prometheus_exporter/pkg/config/config.go:66.2,66.27 1 1
github.com/MaximeWewer/OpenLDAP_prometheus_exporter/pkg/config/config.go:66.27,68.3 1 0
github.com/MaximeWewer/OpenLDAP_prometheus_exporter/pkg/config/config.go:69.2,69.57 1 1
github.com/MaximeWewer/OpenLDAP_prometheus_exporter/pkg/config/config.go:69.57,71.3 1 0
github.com/MaximeWewer/OpenLDAP_prometheus_exporter/pkg/config/config.go:74.2,74.25 1 1
github.com/MaximeWewer/OpenLDAP_prometheus_exporter/pkg/config/config.go:74.25,80.3 2 0
github.com/MaximeWewer/OpenLDAP_prometheus_exporter/pkg/config/config.go:81.2,81.36 1 1
github.com/MaximeWewer/OpenLDAP_prometheus_exporter/pkg/config/config.go:81.36,87.3 2 0
github.com/MaximeWewer/OpenLDAP_prometheus_exporter/pkg/config/config.go:89.2,89.29 1 1
github.com/MaximeWewer/OpenLDAP_prometheus_exporter/pkg/config/config.go:89.29,95.3 2 0
github.com/MaximeWewer/OpenLDAP_prometheus_exporter/pkg/config/config.go:96.2,96.40 1 1
github.com/MaximeWewer/OpenLDAP_prometheus_exporter/pkg/config/config.go:96.40,102.3 2 0
github.com/MaximeWewer/OpenLDAP_prometheus_exporter/pkg/config/config.go:103.2,103.41 1 1
github.com/MaximeWewer/OpenLDAP_prometheus_exporter/pkg/config/config.go:103.41,109.3 2 0
github.com/MaximeWewer/OpenLDAP_prometheus_exporter/pkg/config/config.go:112.2,112.34 1 1
github.com/MaximeWewer/OpenLDAP_prometheus_exporter/pkg/config/config.go:112.34,118.3 2 0
github.com/MaximeWewer/OpenLDAP_prometheus_exporter/pkg/config/config.go:121.2,133.26 7 1
github.com/MaximeWewer/OpenLDAP_prometheus_exporter/pkg/config/config.go:133.26,138.3 1 0
github.com/MaximeWewer/OpenLDAP_prometheus_exporter/pkg/config/config.go:140.2,140.20 1 1
github.com/MaximeWewer/OpenLDAP_prometheus_exporter/pkg/config/config.go:144.26,145.23 1 1
github.com/MaximeWewer/OpenLDAP_prometheus_exporter/pkg/config/config.go:145.23,148.3 2 1
github.com/MaximeWewer/OpenLDAP_prometheus_exporter/pkg/config/config.go:152.55,153.42 1 1
github.com/MaximeWewer/OpenLDAP_prometheus_exporter/pkg/config/config.go:153.42,155.3 1 1
github.com/MaximeWewer/OpenLDAP_prometheus_exporter/pkg/config/config.go:156.2,156.21 1 1
github.com/MaximeWewer/OpenLDAP_prometheus_exporter/pkg/config/config.go:160.62,161.42 1 1
github.com/MaximeWewer/OpenLDAP_prometheus_exporter/pkg/config/config.go:161.42,162.58 1 1
github.com/MaximeWewer/OpenLDAP_prometheus_exporter/pkg/config/config.go:162.58,164.4 1 1
github.com/MaximeWewer/OpenLDAP_prometheus_exporter/pkg/config/config.go:166.2,166.21 1 1
github.com/MaximeWewer/OpenLDAP_prometheus_exporter/pkg/config/config.go:170.59,171.42 1 1
github.com/MaximeWewer/OpenLDAP_prometheus_exporter/pkg/config/config.go:171.42,172.67 1 1
github.com/MaximeWewer/OpenLDAP_prometheus_exporter/pkg/config/config.go:172.67,174.4 1 1
github.com/MaximeWewer/OpenLDAP_prometheus_exporter/pkg/config/config.go:176.2,176.21 1 1
github.com/MaximeWewer/OpenLDAP_prometheus_exporter/pkg/config/config.go:180.46,181.17 1 1
github.com/MaximeWewer/OpenLDAP_prometheus_exporter/pkg/config/config.go:181.17,183.3 1 1
github.com/MaximeWewer/OpenLDAP_prometheus_exporter/pkg/config/config.go:185.2,188.29 3 1
github.com/MaximeWewer/OpenLDAP_prometheus_exporter/pkg/config/config.go:188.29,190.20 2 1
github.com/MaximeWewer/OpenLDAP_prometheus_exporter/pkg/config/config.go:190.20,192.4 1 1
github.com/MaximeWewer/OpenLDAP_prometheus_exporter/pkg/config/config.go:195.2,195.15 1 1
github.com/MaximeWewer/OpenLDAP_prometheus_exporter/pkg/config/config.go:199.44,206.31 2 1
github.com/MaximeWewer/OpenLDAP_prometheus_exporter/pkg/config/config.go:206.31,208.43 2 1
github.com/MaximeWewer/OpenLDAP_prometheus_exporter/pkg/config/config.go:208.43,209.54 1 1
github.com/MaximeWewer/OpenLDAP_prometheus_exporter/pkg/config/config.go:209.54,211.5 1 1
github.com/MaximeWewer/OpenLDAP_prometheus_exporter/pkg/config/config.go:214.3,214.31 1 1
github.com/MaximeWewer/OpenLDAP_prometheus_exporter/pkg/config/config.go:214.31,219.4 1 1
github.com/MaximeWewer/OpenLDAP_prometheus_exporter/pkg/config/config.go:221.3,225.5 1 1
github.com/MaximeWewer/OpenLDAP_prometheus_exporter/pkg/config/config.go:229.2,229.31 1 1
github.com/MaximeWewer/OpenLDAP_prometheus_exporter/pkg/config/config.go:229.31,231.43 2 1
github.com/MaximeWewer/OpenLDAP_prometheus_exporter/pkg/config/config.go:231.43,232.54 1 1
github.com/MaximeWewer/OpenLDAP_prometheus_exporter/pkg/config/config.go:232.54,234.5 1 0
github.com/MaximeWewer/OpenLDAP_prometheus_exporter/pkg/config/config.go:237.3,237.31 1 1
github.com/MaximeWewer/OpenLDAP_prometheus_exporter/pkg/config/config.go:237.31,242.4 1 0
github.com/MaximeWewer/OpenLDAP_prometheus_exporter/pkg/config/config.go:244.3,244.32 1 1
github.com/MaximeWewer/OpenLDAP_prometheus_exporter/pkg/config/config.go:244.32,249.4 1 0
github.com/MaximeWewer/OpenLDAP_prometheus_exporter/pkg/config/config.go:249.9,254.4 1 1
github.com/MaximeWewer/OpenLDAP_prometheus_exporter/pkg/config/config.go:258.2,258.62 1 1
github.com/MaximeWewer/OpenLDAP_prometheus_exporter/pkg/config/config.go:258.62,263.3 1 1
github.com/MaximeWewer/OpenLDAP_prometheus_exporter/pkg/config/config.go:267.72,268.36 1 1
github.com/MaximeWewer/OpenLDAP_prometheus_exporter/pkg/config/config.go:268.36,269.27 1 1
github.com/MaximeWewer/OpenLDAP_prometheus_exporter/pkg/config/config.go:269.27,271.4 1 1
github.com/MaximeWewer/OpenLDAP_prometheus_exporter/pkg/config/config.go:273.2,273.14 1 1
github.com/MaximeWewer/OpenLDAP_prometheus_exporter/pkg/config/config.go:277.63,279.31 1 1
github.com/MaximeWewer/OpenLDAP_prometheus_exporter/pkg/config/config.go:279.31,280.45 1 1
github.com/MaximeWewer/OpenLDAP_prometheus_exporter/pkg/config/config.go:280.45,281.31 1 1
github.com/MaximeWewer/OpenLDAP_prometheus_exporter/pkg/config/config.go:281.31,283.5 1 1
github.com/MaximeWewer/OpenLDAP_prometheus_exporter/pkg/config/config.go:285.3,285.15 1 1
github.com/MaximeWewer/OpenLDAP_prometheus_exporter/pkg/config/config.go:289.2,289.31 1 1
github.com/MaximeWewer/OpenLDAP_prometheus_exporter/pkg/config/config.go:289.31,290.45 1 1
github.com/MaximeWewer/OpenLDAP_prometheus_exporter/pkg/config/config.go:290.45,291.31 1 1
github.com/MaximeWewer/OpenLDAP_prometheus_exporter/pkg/config/config.go:291.31,293.5 1 1
github.com/MaximeWewer/OpenLDAP_prometheus_exporter/pkg/config/config.go:298.2,298.13 1 1
github.com/MaximeWewer/OpenLDAP_prometheus_exporter/pkg/config/config.go:302.40,304.26 1 1
github.com/MaximeWewer/OpenLDAP_prometheus_exporter/pkg/config/config.go:304.26,310.27 2 1
github.com/MaximeWewer/OpenLDAP_prometheus_exporter/pkg/config/config.go:310.27,315.4 1 0
github.com/MaximeWewer/OpenLDAP_prometheus_exporter/pkg/config/config.go:316.8,316.33 1 1
github.com/MaximeWewer/OpenLDAP_prometheus_exporter/pkg/config/config.go:316.33,321.3 1 1
github.com/MaximeWewer/OpenLDAP_prometheus_exporter/pkg/config/config.go:321.8,325.3 1 1
github.com/MaximeWewer/OpenLDAP_prometheus_exporter/pkg/config/config.go:329.63,331.26 1 1
github.com/MaximeWewer/OpenLDAP_prometheus_exporter/pkg/config/config.go:331.26,332.40 1 1
github.com/MaximeWewer/OpenLDAP_prometheus_exporter/pkg/config/config.go:332.40,333.35 1 1
github.com/MaximeWewer/OpenLDAP_prometheus_exporter/pkg/config/config.go:333.35,335.5 1 1
github.com/MaximeWewer/OpenLDAP_prometheus_exporter/pkg/config/config.go:337.3,337.15 1 1
github.com/MaximeWewer/OpenLDAP_prometheus_exporter/pkg/config/config.go:341.2,341.26 1 1
github.com/MaximeWewer/OpenLDAP_prometheus_exporter/pkg/config/config.go:341.26,342.40 1 1
github.com/MaximeWewer/OpenLDAP_prometheus_exporter/pkg/config/config.go:342.40,343.35 1 1
github.com/MaximeWewer/OpenLDAP_prometheus_exporter/pkg/config/config.go:343.35,345.5 1 1
github.com/MaximeWewer/OpenLDAP_prometheus_exporter/pkg/config/config.go:350.2,350.13 1 1
github.com/MaximeWewer/OpenLDAP_prometheus_exporter/pkg/config/secure.go:23.59,24.17 1 1
github.com/MaximeWewer/OpenLDAP_prometheus_exporter/pkg/config/secure.go:24.17,26.3 1 1
github.com/MaximeWewer/OpenLDAP_prometheus_exporter/pkg/config/secure.go:29.2,30.42 2 1
github.com/MaximeWewer/OpenLDAP_prometheus_exporter/pkg/config/secure.go:30.42,32.3 1 0
github.com/MaximeWewer/OpenLDAP_prometheus_exporter/pkg/config/secure.go:35.2,36.16 2 1
github.com/MaximeWewer/OpenLDAP_prometheus_exporter/pkg/config/secure.go:36.16,38.22 1 0
github.com/MaximeWewer/OpenLDAP_prometheus_exporter/pkg/config/secure.go:38.22,40.4 1 0
github.com/MaximeWewer/OpenLDAP_prometheus_exporter/pkg/config/secure.go:41.3,41.18 1 0
github.com/MaximeWewer/OpenLDAP_prometheus_exporter/pkg/config/secure.go:45.2,46.44 2 1
github.com/MaximeWewer/OpenLDAP_prometheus_exporter/pkg/config/secure.go:46.44,48.22 1 0
github.com/MaximeWewer/OpenLDAP_prometheus_exporter/pkg/config/secure.go:48.22,50.4 1 0
github.com/MaximeWewer/OpenLDAP_prometheus_exporter/pkg/config/secure.go:51.3,51.18 1 0
github.com/MaximeWewer/OpenLDAP_prometheus_exporter/pkg/config/secure.go:55.2,58.21 2 1
github.com/MaximeWewer/OpenLDAP_prometheus_exporter/pkg/config/secure.go:58.21,60.3 1 1
github.com/MaximeWewer/OpenLDAP_prometheus_exporter/pkg/config/secure.go:62.2,66.8 1 1
github.com/MaximeWewer/OpenLDAP_prometheus_exporter/pkg/config/secure.go:70.40,71.57 1 1
github.com/MaximeWewer/OpenLDAP_prometheus_exporter/pkg/config/secure.go:71.57,73.3 1 0
github.com/MaximeWewer/OpenLDAP_prometheus_exporter/pkg/config/secure.go:76.2,77.16 2 1
github.com/MaximeWewer/OpenLDAP_prometheus_exporter/pkg/config/secure.go:77.16,81.3 2 0
github.com/MaximeWewer/OpenLDAP_prometheus_exporter/pkg/config/secure.go:84.2,85.27 2 1
github.com/MaximeWewer/OpenLDAP_prometheus_exporter/pkg/config/secure.go:85.27,87.3 1 1
github.com/MaximeWewer/OpenLDAP_prometheus_exporter/pkg/config/secure.go:89.2,89.15 1 1
github.com/MaximeWewer/OpenLDAP_prometheus_exporter/pkg/config/secure.go:93.32,94.14 1 1
github.com/MaximeWewer/OpenLDAP_prometheus_exporter/pkg/config/secure.go:94.14,96.3 1 0
github.com/MaximeWewer/OpenLDAP_prometheus_exporter/pkg/config/secure.go:99.2,99.30 1 1
github.com/MaximeWewer/OpenLDAP_prometheus_exporter/pkg/config/secure.go:99.30,101.3 1 1
github.com/MaximeWewer/OpenLDAP_prometheus_exporter/pkg/config/secure.go:104.2,104.25 1 1
github.com/MaximeWewer/OpenLDAP_prometheus_exporter/pkg/config/secure.go:104.25,106.3 1 1
github.com/MaximeWewer/OpenLDAP_prometheus_exporter/pkg/config/secure.go:109.2,111.14 3 1
github.com/MaximeWewer/OpenLDAP_prometheus_exporter/pkg/config/secure.go:115.39,117.2 1 1
github.com/MaximeWewer/OpenLDAP_prometheus_exporter/pkg/metrics/metrics.go:41.44,298.2 1 1
github.com/MaximeWewer/OpenLDAP_prometheus_exporter/pkg/metrics/metrics.go:301.64,354.2 29 1
github.com/MaximeWewer/OpenLDAP_prometheus_exporter/pkg/metrics/metrics.go:357.64,410.2 29 1
github.com/MaximeWewer/OpenLDAP_prometheus_exporter/pkg/security/ratelimit.go:30.68,42.2 3 1
github.com/MaximeWewer/OpenLDAP_prometheus_exporter/pkg/security/ratelimit.go:45.46,50.13 4 1
github.com/MaximeWewer/OpenLDAP_prometheus_exporter/pkg/security/ratelimit.go:50.13,54.47 2 1
github.com/MaximeWewer/OpenLDAP_prometheus_exporter/pkg/security/ratelimit.go:54.47,60.4 2 1
github.com/MaximeWewer/OpenLDAP_prometheus_exporter/pkg/security/ratelimit.go:61.3,61.20 1 1
github.com/MaximeWewer/OpenLDAP_prometheus_exporter/pkg/security/ratelimit.go:64.2,64.31 1 1
github.com/MaximeWewer/OpenLDAP_prometheus_exporter/pkg/security/ratelimit.go:68.63,79.30 7 1
github.com/MaximeWewer/OpenLDAP_prometheus_exporter/pkg/security/ratelimit.go:79.30,81.3 1 0
github.com/MaximeWewer/OpenLDAP_prometheus_exporter/pkg/security/ratelimit.go:83.2,86.23 2 1
github.com/MaximeWewer/OpenLDAP_prometheus_exporter/pkg/security/ratelimit.go:86.23,89.3 2 1
github.com/MaximeWewer/OpenLDAP_prometheus_exporter/pkg/security/ratelimit.go:91.2,91.14 1 1
github.com/MaximeWewer/OpenLDAP_prometheus_exporter/pkg/security/ratelimit.go:95.41,99.21 3 1
github.com/MaximeWewer/OpenLDAP_prometheus_exporter/pkg/security/ratelimit.go:99.21,101.3 1 0
github.com/MaximeWewer/OpenLDAP_prometheus_exporter/pkg/security/ratelimit.go:105.41,110.37 4 0
github.com/MaximeWewer/OpenLDAP_prometheus_exporter/pkg/security/ratelimit.go:110.37,112.37 2 0
github.com/MaximeWewer/OpenLDAP_prometheus_exporter/pkg/security/ratelimit.go:112.37,114.4 1 0
github.com/MaximeWewer/OpenLDAP_prometheus_exporter/pkg/security/ratelimit.go:115.3,115.24 1 0
github.com/MaximeWewer/OpenLDAP_prometheus_exporter/pkg/security/ratelimit.go:120.42,122.55 1 1
github.com/MaximeWewer/OpenLDAP_prometheus_exporter/pkg/security/ratelimit.go:122.55,126.29 2 1
github.com/MaximeWewer/OpenLDAP_prometheus_exporter/pkg/security/ratelimit.go:126.29,128.21 2 1
github.com/MaximeWewer/OpenLDAP_prometheus_exporter/pkg/security/ratelimit.go:128.21,130.66 1 1
github.com/MaximeWewer/OpenLDAP_prometheus_exporter/pkg/security/ratelimit.go:130.66,132.6 1 0
github.com/MaximeWewer/OpenLDAP_prometheus_exporter/pkg/security/ratelimit.go:137.3,137.29 1 1
github.com/MaximeWewer/OpenLDAP_prometheus_exporter/pkg/security/ratelimit.go:137.29,139.45 2 1
github.com/MaximeWewer/OpenLDAP_prometheus_exporter/pkg/security/ratelimit.go:139.45,141.5 1 1
github.com/MaximeWewer/OpenLDAP_prometheus_exporter/pkg/security/ratelimit.go:146.2,146.49 1 1
github.com/MaximeWewer/OpenLDAP_prometheus_exporter/pkg/security/ratelimit.go:146.49,148.44 2 1
github.com/MaximeWewer/OpenLDAP_prometheus_exporter/pkg/security/ratelimit.go:148.44,150.4 1 1
github.com/MaximeWewer/OpenLDAP_prometheus_exporter/pkg/security/ratelimit.go:154.2,154.24 1 1
github.com/MaximeWewer/OpenLDAP_prometheus_exporter/pkg/security/ratelimit.go:154.24,156.3 1 1
github.com/MaximeWewer/OpenLDAP_prometheus_exporter/pkg/security/ratelimit.go:158.2,159.16 2 1
github.com/MaximeWewer/OpenLDAP_prometheus_exporter/pkg/security/ratelimit.go:159.16,162.68 1 1
github.com/MaximeWewer/OpenLDAP_prometheus_exporter/pkg/security/ratelimit.go:162.68,164.4 1 0
github.com/MaximeWewer/OpenLDAP_prometheus_exporter/pkg/security/ratelimit.go:167.3,168.52 2 1
github.com/MaximeWewer/OpenLDAP_prometheus_exporter/pkg/security/ratelimit.go:168.52,170.4 1 1
github.com/MaximeWewer/OpenLDAP_prometheus_exporter/pkg/security/ratelimit.go:171.3,171.21 1 1
github.com/MaximeWewer/OpenLDAP_prometheus_exporter/pkg/security/ratelimit.go:175.2,175.13 1 1
github.com/MaximeWewer/OpenLDAP_prometheus_exporter/pkg/security/ratelimit.go:179.34,191.41 2 1
github.com/MaximeWewer/OpenLDAP_prometheus_exporter/pkg/security/ratelimit.go:191.41,193.26 2 1
github.com/MaximeWewer/OpenLDAP_prometheus_exporter/pkg/security/ratelimit.go:193.26,195.4 1 1
github.com/MaximeWewer/OpenLDAP_prometheus_exporter/pkg/security/ratelimit.go:199.2,199.21 1 1
github.com/MaximeWewer/OpenLDAP_prometheus_exporter/pkg/security/ratelimit.go:199.21,201.78 1 1
github.com/MaximeWewer/OpenLDAP_prometheus_exporter/pkg/security/ratelimit.go:201.78,203.4 1 1
github.com/MaximeWewer/OpenLDAP_prometheus_exporter/pkg/security/ratelimit.go:205.3,205.44 1 1
github.com/MaximeWewer/OpenLDAP_prometheus_exporter/pkg/security/ratelimit.go:205.44,207.4 1 1
github.com/MaximeWewer/OpenLDAP_prometheus_exporter/pkg/security/ratelimit.go:210.2,210.14 1 1
github.com/MaximeWewer/OpenLDAP_prometheus_exporter/pkg/security/ratelimit.go:214.58,223.2 3 1
github.com/MaximeWewer/OpenLDAP_prometheus_exporter/pkg/security/ratelimit.go:226.49,231.2 3 1
github.com/MaximeWewer/OpenLDAP_prometheus_exporter/pkg/security/ratelimit.go:234.35,239.2 3 1
github.com/MaximeWewer/OpenLDAP_prometheus_exporter/pkg/security/ratelimit.go:242.80,243.46 1 1
github.com/MaximeWewer/OpenLDAP_prometheus_exporter/pkg/security/ratelimit.go:243.46,244.72 1 1
github.com/MaximeWewer/OpenLDAP_prometheus_exporter/pkg/security/ratelimit.go:244.72,247.32 2 1
github.com/MaximeWewer/OpenLDAP_prometheus_exporter/pkg/security/ratelimit.go:247.32,259.5 6 1
github.com/MaximeWewer/OpenLDAP_prometheus_exporter/pkg/security/ratelimit.go:261.4,261.24 1 1
github.com/MaximeWewer/OpenLDAP_prometheus_exporter/pkg/security/validation.go:11.38,12.14 1 1
github.com/MaximeWewer/OpenLDAP_prometheus_exporter/pkg/security/validation.go:12.14,14.3 1 1
github.com/MaximeWewer/OpenLDAP_prometheus_exporter/pkg/security/validation.go:17.2,17.65 1 1
github.com/MaximeWewer/OpenLDAP_prometheus_exporter/pkg/security/validation.go:17.65,19.3 1 1
github.com/MaximeWewer/OpenLDAP_prometheus_exporter/pkg/security/validation.go:22.2,22.34 1 1
github.com/MaximeWewer/OpenLDAP_prometheus_exporter/pkg/security/validation.go:22.34,24.3 1 1
github.com/MaximeWewer/OpenLDAP_prometheus_exporter/pkg/security/validation.go:27.2,27.20 1 1
github.com/MaximeWewer/OpenLDAP_prometheus_exporter/pkg/security/validation.go:27.20,29.3 1 0
github.com/MaximeWewer/OpenLDAP_prometheus_exporter/pkg/security/validation.go:32.2,39.45 3 1
github.com/MaximeWewer/OpenLDAP_prometheus_exporter/pkg/security/validation.go:39.45,40.44 1 1
github.com/MaximeWewer/OpenLDAP_prometheus_exporter/pkg/security/validation.go:40.44,42.4 1 1
github.com/MaximeWewer/OpenLDAP_prometheus_exporter/pkg/security/validation.go:47.2,48.30 2 1
github.com/MaximeWewer/OpenLDAP_prometheus_exporter/pkg/security/validation.go:48.30,50.3 1 0
github.com/MaximeWewer/OpenLDAP_prometheus_exporter/pkg/security/validation.go:53.2,53.47 1 1
github.com/MaximeWewer/OpenLDAP_prometheus_exporter/pkg/security/validation.go:53.47,55.3 1 0
github.com/MaximeWewer/OpenLDAP_prometheus_exporter/pkg/security/validation.go:57.2,57.12 1 1
github.com/MaximeWewer/OpenLDAP_prometheus_exporter/pkg/security/validation.go:61.46,62.18 1 1
github.com/MaximeWewer/OpenLDAP_prometheus_exporter/pkg/security/validation.go:62.18,64.3 1 1
github.com/MaximeWewer/OpenLDAP_prometheus_exporter/pkg/security/validation.go:67.2,67.24 1 1
github.com/MaximeWewer/OpenLDAP_prometheus_exporter/pkg/security/validation.go:67.24,69.3 1 0
github.com/MaximeWewer/OpenLDAP_prometheus_exporter/pkg/security/validation.go:72.2,72.38 1 1
github.com/MaximeWewer/OpenLDAP_prometheus_exporter/pkg/security/validation.go:72.38,74.3 1 1
github.com/MaximeWewer/OpenLDAP_prometheus_exporter/pkg/security/validation.go:77.2,77.37 1 1
github.com/MaximeWewer/OpenLDAP_prometheus_exporter/pkg/security/validation.go:77.37,79.3 1 1
github.com/MaximeWewer/OpenLDAP_prometheus_exporter/pkg/security/validation.go:82.2,82.72 1 1
github.com/MaximeWewer/OpenLDAP_prometheus_exporter/pkg/security/validation.go:82.72,84.3 1 1
github.com/MaximeWewer/OpenLDAP_prometheus_exporter/pkg/security/validation.go:86.2,86.12 1 1
github.com/MaximeWewer/OpenLDAP_prometheus_exporter/pkg/security/validation.go:90.47,91.16 1 1
github.com/MaximeWewer/OpenLDAP_prometheus_exporter/pkg/security/validation.go:91.16,93.3 1 1
github.com/MaximeWewer/OpenLDAP_prometheus_exporter/pkg/security/validation.go:96.2,96.21 1 1
github.com/MaximeWewer/OpenLDAP_prometheus_exporter/pkg/security/validation.go:96.21,98.3 1 1
github.com/MaximeWewer/OpenLDAP_prometheus_exporter/pkg/security/validation.go:101.2,102.34 2 1
github.com/MaximeWewer/OpenLDAP_prometheus_exporter/pkg/security/validation.go:102.34,104.3 1 1
github.com/MaximeWewer/OpenLDAP_prometheus_exporter/pkg/security/validation.go:107.2,112.43 3 1
github.com/MaximeWewer/OpenLDAP_prometheus_exporter/pkg/security/validation.go:112.43,113.46 1 1
github.com/MaximeWewer/OpenLDAP_prometheus_exporter/pkg/security/validation.go:113.46,115.4 1 0
github.com/MaximeWewer/OpenLDAP_prometheus_exporter/pkg/security/validation.go:118.2,118.12 1 1
github.com/MaximeWewer/OpenLDAP_prometheus_exporter/pkg/security/validation.go:122.42,126.39 2 1
github.com/MaximeWewer/OpenLDAP_prometheus_exporter/pkg/security/validation.go:126.39,130.40 2 1
github.com/MaximeWewer/OpenLDAP_prometheus_exporter/pkg/security/validation.go:130.40,132.4 1 0
github.com/MaximeWewer/OpenLDAP_prometheus_exporter/pkg/security/validation.go:134.3,135.22 2 1
github.com/MaximeWewer/OpenLDAP_prometheus_exporter/pkg/security/validation.go:135.22,137.4 1 0
github.com/MaximeWewer/OpenLDAP_prometheus_exporter/pkg/security/validation.go:139.3,143.27 3 1
github.com/MaximeWewer/OpenLDAP_prometheus_exporter/pkg/security/validation.go:143.27,144.45 1 1
github.com/MaximeWewer/OpenLDAP_prometheus_exporter/pkg/security/validation.go:144.45,146.37 1 0
github.com/MaximeWewer/OpenLDAP_prometheus_exporter/pkg/security/validation.go:146.37,148.6 1 0
github.com/MaximeWewer/OpenLDAP_prometheus_exporter/pkg/security/validation.go:153.3,153.21 1 1
github.com/MaximeWewer/OpenLDAP_prometheus_exporter/pkg/security/validation.go:153.21,155.78 1 1
github.com/MaximeWewer/OpenLDAP_prometheus_exporter/pkg/security/validation.go:155.78,157.5 1 0
github.com/MaximeWewer/OpenLDAP_prometheus_exporter/pkg/security/validation.go:161.2,161.12 1 1
github.com/MaximeWewer/OpenLDAP_prometheus_exporter/pkg/security/validation.go:165.49,169.27 3 1
github.com/MaximeWewer/OpenLDAP_prometheus_exporter/pkg/security/validation.go:169.27,170.14 1 1
github.com/MaximeWewer/OpenLDAP_prometheus_exporter/pkg/security/validation.go:170.14,172.12 2 0
github.com/MaximeWewer/OpenLDAP_prometheus_exporter/pkg/security/validation.go:175.3,175.16 1 1
github.com/MaximeWewer/OpenLDAP_prometheus_exporter/pkg/security/validation.go:175.16,177.12 2 0
github.com/MaximeWewer/OpenLDAP_prometheus_exporter/pkg/security/validation.go:180.3,180.15 1 1
github.com/MaximeWewer/OpenLDAP_prometheus_exporter/pkg/security/validation.go:180.15,182.4 1 1
github.com/MaximeWewer/OpenLDAP_prometheus_exporter/pkg/security/validation.go:182.9,182.22 1 1
github.com/MaximeWewer/OpenLDAP_prometheus_exporter/pkg/security/validation.go:182.22,184.17 2 1
github.com/MaximeWewer/OpenLDAP_prometheus_exporter/pkg/security/validation.go:184.17,186.5 1 1
github.com/MaximeWewer/OpenLDAP_prometheus_exporter/pkg/security/validation.go:190.2,190.19 1 1
github.com/MaximeWewer/OpenLDAP_prometheus_exporter/pkg/security/validation.go:194.45,200.26 3 1
github.com/MaximeWewer/OpenLDAP_prometheus_exporter/pkg/security/validation.go:200.26,201.28 1 1
github.com/MaximeWewer/OpenLDAP_prometheus_exporter/pkg/security/validation.go:201.28,203.4 1 1
github.com/MaximeWewer/OpenLDAP_prometheus_exporter/pkg/security/validation.go:206.2,206.25 1 1
github.com/MaximeWewer/OpenLDAP_prometheus_exporter/pkg/security/validation.go:210.41,211.43 1 1
github.com/MaximeWewer/OpenLDAP_prometheus_exporter/pkg/security/validation.go:211.43,213.3 1 1
github.com/MaximeWewer/OpenLDAP_prometheus_exporter/pkg/security/validation.go:216.2,217.46 2 1
github.com/MaximeWewer/OpenLDAP_prometheus_exporter/pkg/security/validation.go:217.46,219.3 1 1
github.com/MaximeWewer/OpenLDAP_prometheus_exporter/pkg/security/validation.go:222.2,223.42 1 1
github.com/MaximeWewer/OpenLDAP_prometheus_exporter/pkg/security/validation.go:223.42,225.3 1 0
github.com/MaximeWewer/OpenLDAP_prometheus_exporter/pkg/security/validation.go:227.2,227.12 1 1
github.com/MaximeWewer/OpenLDAP_prometheus_exporter/pkg/monitoring/monitoring.go:62.50,262.2 3 1
github.com/MaximeWewer/OpenLDAP_prometheus_exporter/pkg/monitoring/monitoring.go:265.99,267.2 1 1
github.com/MaximeWewer/OpenLDAP_prometheus_exporter/pkg/monitoring/monitoring.go:270.100,272.2 1 1
github.com/MaximeWewer/OpenLDAP_prometheus_exporter/pkg/monitoring/monitoring.go:275.99,277.2 1 1
github.com/MaximeWewer/OpenLDAP_prometheus_exporter/pkg/monitoring/monitoring.go:280.87,282.2 1 1
github.com/MaximeWewer/OpenLDAP_prometheus_exporter/pkg/monitoring/monitoring.go:285.100,288.2 2 1
github.com/MaximeWewer/OpenLDAP_prometheus_exporter/pkg/monitoring/monitoring.go:291.82,293.2 1 1
github.com/MaximeWewer/OpenLDAP_prometheus_exporter/pkg/monitoring/monitoring.go:296.74,298.2 1 1
github.com/MaximeWewer/OpenLDAP_prometheus_exporter/pkg/monitoring/monitoring.go:301.106,303.2 1 1
github.com/MaximeWewer/OpenLDAP_prometheus_exporter/pkg/monitoring/monitoring.go:306.82,308.2 1 1
github.com/MaximeWewer/OpenLDAP_prometheus_exporter/pkg/monitoring/monitoring.go:311.82,313.2 1 1
github.com/MaximeWewer/OpenLDAP_prometheus_exporter/pkg/monitoring/monitoring.go:316.78,318.2 1 1
github.com/MaximeWewer/OpenLDAP_prometheus_exporter/pkg/monitoring/monitoring.go:321.81,323.2 1 1
github.com/MaximeWewer/OpenLDAP_prometheus_exporter/pkg/monitoring/monitoring.go:326.92,328.2 1 1
github.com/MaximeWewer/OpenLDAP_prometheus_exporter/pkg/monitoring/monitoring.go:331.81,333.2 1 1
github.com/MaximeWewer/OpenLDAP_prometheus_exporter/pkg/monitoring/monitoring.go:336.81,338.2 1 1
github.com/MaximeWewer/OpenLDAP_prometheus_exporter/pkg/monitoring/monitoring.go:341.122,349.2 6 1
github.com/MaximeWewer/OpenLDAP_prometheus_exporter/pkg/monitoring/monitoring.go:352.61,358.53 4 1
github.com/MaximeWewer/OpenLDAP_prometheus_exporter/pkg/monitoring/monitoring.go:358.53,363.34 3 1
github.com/MaximeWewer/OpenLDAP_prometheus_exporter/pkg/monitoring/monitoring.go:363.34,365.20 2 1
github.com/MaximeWewer/OpenLDAP_prometheus_exporter/pkg/monitoring/monitoring.go:365.20,367.5 1 1
github.com/MaximeWewer/OpenLDAP_prometheus_exporter/pkg/monitoring/monitoring.go:370.3,371.25 2 1
github.com/MaximeWewer/OpenLDAP_prometheus_exporter/pkg/monitoring/monitoring.go:372.8,378.3 1 1
github.com/MaximeWewer/OpenLDAP_prometheus_exporter/pkg/monitoring/monitoring.go:382.81,388.44 4 1
github.com/MaximeWewer/OpenLDAP_prometheus_exporter/pkg/monitoring/monitoring.go:388.44,396.3 3 1
github.com/MaximeWewer/OpenLDAP_prometheus_exporter/pkg/monitoring/monitoring.go:398.2,398.14 1 1
github.com/MaximeWewer/OpenLDAP_prometheus_exporter/pkg/monitoring/monitoring.go:402.71,407.2 1 1
github.com/MaximeWewer/OpenLDAP_prometheus_exporter/pkg/monitoring/monitoring.go:410.56,412.2 1 1
github.com/MaximeWewer/OpenLDAP_prometheus_exporter/pkg/monitoring/monitoring.go:415.39,419.35 3 1
github.com/MaximeWewer/OpenLDAP_prometheus_exporter/pkg/monitoring/monitoring.go:419.35,421.3 1 1
github.com/MaximeWewer/OpenLDAP_prometheus_exporter/pkg/monitoring/monitoring.go:423.2,423.68 1 1
github.com/MaximeWewer/OpenLDAP_prometheus_exporter/pkg/monitoring/monitoring.go:427.84,461.39 3 1
github.com/MaximeWewer/OpenLDAP_prometheus_exporter/pkg/monitoring/monitoring.go:461.39,462.54 1 1
github.com/MaximeWewer/OpenLDAP_prometheus_exporter/pkg/monitoring/monitoring.go:462.54,466.25 2 1
github.com/MaximeWewer/OpenLDAP_prometheus_exporter/pkg/monitoring/monitoring.go:466.25,468.5 1 1
github.com/MaximeWewer/OpenLDAP_prometheus_exporter/pkg/monitoring/monitoring.go:474.2,480.19 3 1
github.com/MaximeWewer/OpenLDAP_prometheus_exporter/pkg/monitoring/monitoring.go:485.57,545.2 37 1
github.com/MaximeWewer/OpenLDAP_prometheus_exporter/pkg/logger/logger.go:14.52,17.35 2 1
github.com/MaximeWewer/OpenLDAP_prometheus_exporter/pkg/logger/logger.go:18.15,19.29 1 1
github.com/MaximeWewer/OpenLDAP_prometheus_exporter/pkg/logger/logger.go:20.14,21.28 1 1
github.com/MaximeWewer/OpenLDAP_prometheus_exporter/pkg/logger/logger.go:22.14,23.28 1 1
github.com/MaximeWewer/OpenLDAP_prometheus_exporter/pkg/logger/logger.go:24.15,25.29 1 1
github.com/MaximeWewer/OpenLDAP_prometheus_exporter/pkg/logger/logger.go:26.15,27.29 1 1
github.com/MaximeWewer/OpenLDAP_prometheus_exporter/pkg/logger/logger.go:30.2,37.11 2 1
github.com/MaximeWewer/OpenLDAP_prometheus_exporter/pkg/logger/logger.go:41.74,43.21 2 1
github.com/MaximeWewer/OpenLDAP_prometheus_exporter/pkg/logger/logger.go:43.21,44.31 1 1
github.com/MaximeWewer/OpenLDAP_prometheus_exporter/pkg/logger/logger.go:44.31,46.4 1 1
github.com/MaximeWewer/OpenLDAP_prometheus_exporter/pkg/logger/logger.go:48.2,48.20 1 1
github.com/MaximeWewer/OpenLDAP_prometheus_exporter/pkg/logger/logger.go:52.73,54.21 2 1
github.com/MaximeWewer/OpenLDAP_prometheus_exporter/pkg/logger/logger.go:54.21,55.31 1 1
github.com/MaximeWewer/OpenLDAP_prometheus_exporter/pkg/logger/logger.go:55.31,57.4 1 1
github.com/MaximeWewer/OpenLDAP_prometheus_exporter/pkg/logger/logger.go:59.2,59.20 1 1
github.com/MaximeWewer/OpenLDAP_prometheus_exporter/pkg/logger/logger.go:63.73,65.21 2 1
github.com/MaximeWewer/OpenLDAP_prometheus_exporter/pkg/logger/logger.go:65.21,66.31 1 1
github.com/MaximeWewer/OpenLDAP_prometheus_exporter/pkg/logger/logger.go:66.31,68.4 1 1
github.com/MaximeWewer/OpenLDAP_prometheus_exporter/pkg/logger/logger.go:70.2,70.20 1 1
github.com/MaximeWewer/OpenLDAP_prometheus_exporter/pkg/logger/logger.go:74.85,76.21 2 1
github.com/MaximeWewer/OpenLDAP_prometheus_exporter/pkg/logger/logger.go:76.21,77.31 1 1
github.com/MaximeWewer/OpenLDAP_prometheus_exporter/pkg/logger/logger.go:77.31,79.4 1 1
github.com/MaximeWewer/OpenLDAP_prometheus_exporter/pkg/logger/logger.go:81.2,81.20 1 1
github.com/MaximeWewer/OpenLDAP_prometheus_exporter/pkg/logger/logger.go:85.85,87.21 2 1
github.com/MaximeWewer/OpenLDAP_prometheus_exporter/pkg/logger/logger.go:87.21,88.31 1 1
github.com/MaximeWewer/OpenLDAP_prometheus_exporter/pkg/logger/logger.go:88.31,90.4 1 1
github.com/MaximeWewer/OpenLDAP_prometheus_exporter/pkg/logger/logger.go:92.2,92.20 1 1
github.com/MaximeWewer/OpenLDAP_prometheus_exporter/pkg/logger/logger.go:106.26,108.3 1 1
github.com/MaximeWewer/OpenLDAP_prometheus_exporter/pkg/logger/logger.go:112.46,115.19 2 1
github.com/MaximeWewer/OpenLDAP_prometheus_exporter/pkg/logger/logger.go:115.19,117.3 1 1
github.com/MaximeWewer/OpenLDAP_prometheus_exporter/pkg/logger/logger.go:118.2,118.10 1 1
github.com/MaximeWewer/OpenLDAP_prometheus_exporter/pkg/logger/logger.go:122.45,123.14 1 1
github.com/MaximeWewer/OpenLDAP_prometheus_exporter/pkg/logger/logger.go:123.14,125.3 1 1
github.com/MaximeWewer/OpenLDAP_prometheus_exporter/pkg/logger/logger.go:129.75,130.19 1 1
github.com/MaximeWewer/OpenLDAP_prometheus_exporter/pkg/logger/logger.go:130.19,132.3 1 1
github.com/MaximeWewer/OpenLDAP_prometheus_exporter/pkg/logger/logger.go:134.2,135.27 2 1
github.com/MaximeWewer/OpenLDAP_prometheus_exporter/pkg/logger/logger.go:135.27,137.3 1 1
github.com/MaximeWewer/OpenLDAP_prometheus_exporter/pkg/logger/logger.go:138.2,138.18 1 1
github.com/MaximeWewer/OpenLDAP_prometheus_exporter/pkg/logger/logger.go:142.63,145.44 2 1
github.com/MaximeWewer/OpenLDAP_prometheus_exporter/pkg/logger/logger.go:145.44,146.44 1 1
github.com/MaximeWewer/OpenLDAP_prometheus_exporter/pkg/logger/logger.go:146.44,148.4 1 1
github.com/MaximeWewer/OpenLDAP_prometheus_exporter/pkg/logger/logger.go:152.2,152.40 1 1
github.com/MaximeWewer/OpenLDAP_prometheus_exporter/pkg/logger/logger.go:152.40,153.77 1 1
github.com/MaximeWewer/OpenLDAP_prometheus_exporter/pkg/logger/logger.go:153.77,155.4 1 1
github.com/MaximeWewer/OpenLDAP_prometheus_exporter/pkg/logger/logger.go:158.3,158.85 1 1
github.com/MaximeWewer/OpenLDAP_prometheus_exporter/pkg/logger/logger.go:158.85,160.4 1 1
github.com/MaximeWewer/OpenLDAP_prometheus_exporter/pkg/logger/logger.go:163.2,163.14 1 1
github.com/MaximeWewer/OpenLDAP_prometheus_exporter/pkg/logger/logger.go:167.37,168.43 1 1
github.com/MaximeWewer/OpenLDAP_prometheus_exporter/pkg/logger/logger.go:168.43,170.3 1 1
github.com/MaximeWewer/OpenLDAP_prometheus_exporter/pkg/logger/logger.go:171.2,171.12 1 1
github.com/MaximeWewer/OpenLDAP_prometheus_exporter/pkg/logger/logger.go:175.35,177.76 1 1
github.com/MaximeWewer/OpenLDAP_prometheus_exporter/pkg/logger/logger.go:177.76,180.3 2 1
github.com/MaximeWewer/OpenLDAP_prometheus_exporter/pkg/logger/logger.go:181.2,181.36 1 1
github.com/MaximeWewer/OpenLDAP_prometheus_exporter/pkg/logger/logger.go:185.78,187.21 2 1
github.com/MaximeWewer/OpenLDAP_prometheus_exporter/pkg/logger/logger.go:187.21,189.31 2 1
github.com/MaximeWewer/OpenLDAP_prometheus_exporter/pkg/logger/logger.go:189.31,191.4 1 1
github.com/MaximeWewer/OpenLDAP_prometheus_exporter/pkg/logger/logger.go:192.3,192.26 1 1
github.com/MaximeWewer/OpenLDAP_prometheus_exporter/pkg/logger/logger.go:194.2,194.20 1 1
github.com/MaximeWewer/OpenLDAP_prometheus_exporter/pkg/logger/logger.go:198.77,200.21 2 1
github.com/MaximeWewer/OpenLDAP_prometheus_exporter/pkg/logger/logger.go:200.21,202.31 2 1
github.com/MaximeWewer/OpenLDAP_prometheus_exporter/pkg/logger/logger.go:202.31,204.4 1 1
github.com/MaximeWewer/OpenLDAP_prometheus_exporter/pkg/logger/logger.go:205.3,205.26 1 1
github.com/MaximeWewer/OpenLDAP_prometheus_exporter/pkg/logger/logger.go:207.2,207.20 1 1
github.com/MaximeWewer/OpenLDAP_prometheus_exporter/pkg/logger/logger.go:211.77,213.21 2 1
github.com/MaximeWewer/OpenLDAP_prometheus_exporter/pkg/logger/logger.go:213.21,215.31 2 1
github.com/MaximeWewer/OpenLDAP_prometheus_exporter/pkg/logger/logger.go:215.31,217.4 1 1
github.com/MaximeWewer/OpenLDAP_prometheus_exporter/pkg/logger/logger.go:218.3,218.26 1 1
github.com/MaximeWewer/OpenLDAP_prometheus_exporter/pkg/logger/logger.go:220.2,220.20 1 1
github.com/MaximeWewer/OpenLDAP_prometheus_exporter/pkg/logger/logger.go:224.37,225.16 1 1
github.com/MaximeWewer/OpenLDAP_prometheus_exporter/pkg/logger/logger.go:225.16,227.3 1 1
github.com/MaximeWewer/OpenLDAP_prometheus_exporter/pkg/logger/logger.go:229.2,244.43 4 1
github.com/MaximeWewer/OpenLDAP_prometheus_exporter/pkg/logger/logger.go:244.43,247.3 2 1
github.com/MaximeWewer/OpenLDAP_prometheus_exporter/pkg/logger/logger.go:250.2,254.37 3 1
github.com/MaximeWewer/OpenLDAP_prometheus_exporter/pkg/logger/logger.go:262.41,264.2 1 1
github.com/MaximeWewer/OpenLDAP_prometheus_exporter/pkg/logger/logger.go:267.89,272.21 3 1
github.com/MaximeWewer/OpenLDAP_prometheus_exporter/pkg/logger/logger.go:272.21,274.31 2 1
github.com/MaximeWewer/OpenLDAP_prometheus_exporter/pkg/logger/logger.go:274.31,276.4 1 1
github.com/MaximeWewer/OpenLDAP_prometheus_exporter/pkg/logger/logger.go:277.3,277.26 1 1
github.com/MaximeWewer/OpenLDAP_prometheus_exporter/pkg/logger/logger.go:279.2,279.20 1 1
github.com/MaximeWewer/OpenLDAP_prometheus_exporter/cmd/main.go:38.52,39.42 1 1
github.com/MaximeWewer/OpenLDAP_prometheus_exporter/cmd/main.go:39.42,41.3 1 1
github.com/MaximeWewer/OpenLDAP_prometheus_exporter/cmd/main.go:42.2,42.21 1 1
github.com/MaximeWewer/OpenLDAP_prometheus_exporter/cmd/main.go:46.50,47.42 1 1
github.com/MaximeWewer/OpenLDAP_prometheus_exporter/cmd/main.go:47.42,48.55 1 1
github.com/MaximeWewer/OpenLDAP_prometheus_exporter/cmd/main.go:48.55,50.4 1 1
github.com/MaximeWewer/OpenLDAP_prometheus_exporter/cmd/main.go:51.3,55.5 1 1
github.com/MaximeWewer/OpenLDAP_prometheus_exporter/cmd/main.go:57.2,57.21 1 1
github.com/MaximeWewer/OpenLDAP_prometheus_exporter/cmd/main.go:61.75,62.42 1 1
github.com/MaximeWewer/OpenLDAP_prometheus_exporter/cmd/main.go:62.42,63.61 1 1
github.com/MaximeWewer/OpenLDAP_prometheus_exporter/cmd/main.go:63.61,65.4 1 1
github.com/MaximeWewer/OpenLDAP_prometheus_exporter/cmd/main.go:66.3,70.5 1 1
github.com/MaximeWewer/OpenLDAP_prometheus_exporter/cmd/main.go:72.2,72.21 1 1
github.com/MaximeWewer/OpenLDAP_prometheus_exporter/cmd/main.go:84.13,90.14 3 0
github.com/MaximeWewer/OpenLDAP_prometheus_exporter/cmd/main.go:90.14,93.3 2 0
github.com/MaximeWewer/OpenLDAP_prometheus_exporter/cmd/main.go:95.2,96.16 2 0
github.com/MaximeWewer/OpenLDAP_prometheus_exporter/cmd/main.go:96.16,98.3 1 0
github.com/MaximeWewer/OpenLDAP_prometheus_exporter/cmd/main.go:99.2,121.12 11 0
github.com/MaximeWewer/OpenLDAP_prometheus_exporter/cmd/main.go:121.12,126.80 2 0
github.com/MaximeWewer/OpenLDAP_prometheus_exporter/cmd/main.go:126.80,128.4 1 0
github.com/MaximeWewer/OpenLDAP_prometheus_exporter/cmd/main.go:131.2,143.45 8 0
github.com/MaximeWewer/OpenLDAP_prometheus_exporter/cmd/main.go:143.45,145.3 1 0
github.com/MaximeWewer/OpenLDAP_prometheus_exporter/cmd/main.go:145.8,147.3 1 0
github.com/MaximeWewer/OpenLDAP_prometheus_exporter/cmd/main.go:151.67,168.67 9 1
github.com/MaximeWewer/OpenLDAP_prometheus_exporter/cmd/main.go:168.67,170.3 1 1
github.com/MaximeWewer/OpenLDAP_prometheus_exporter/cmd/main.go:173.2,178.73 4 1
github.com/MaximeWewer/OpenLDAP_prometheus_exporter/cmd/main.go:178.73,180.3 1 1
github.com/MaximeWewer/OpenLDAP_prometheus_exporter/cmd/main.go:183.2,185.83 3 1
github.com/MaximeWewer/OpenLDAP_prometheus_exporter/cmd/main.go:185.83,186.103 1 1
github.com/MaximeWewer/OpenLDAP_prometheus_exporter/cmd/main.go:186.103,188.4 1 1
github.com/MaximeWewer/OpenLDAP_prometheus_exporter/cmd/main.go:192.2,192.82 1 1
github.com/MaximeWewer/OpenLDAP_prometheus_exporter/cmd/main.go:192.82,193.103 1 1
github.com/MaximeWewer/OpenLDAP_prometheus_exporter/cmd/main.go:193.103,195.4 1 1
github.com/MaximeWewer/OpenLDAP_prometheus_exporter/cmd/main.go:198.2,209.12 2 1
github.com/MaximeWewer/OpenLDAP_prometheus_exporter/cmd/main.go:213.64,214.71 1 1
github.com/MaximeWewer/OpenLDAP_prometheus_exporter/cmd/main.go:214.71,240.19 7 1
github.com/MaximeWewer/OpenLDAP_prometheus_exporter/cmd/main.go:240.19,242.4 1 1
github.com/MaximeWewer/OpenLDAP_prometheus_exporter/cmd/main.go:245.3,253.23 4 1
github.com/MaximeWewer/OpenLDAP_prometheus_exporter/cmd/main.go:327.57,328.23 1 1
github.com/MaximeWewer/OpenLDAP_prometheus_exporter/cmd/main.go:328.23,331.3 2 1
github.com/MaximeWewer/OpenLDAP_prometheus_exporter/cmd/main.go:334.2,335.16 2 1
github.com/MaximeWewer/OpenLDAP_prometheus_exporter/cmd/main.go:335.16,339.3 3 0
github.com/MaximeWewer/OpenLDAP_prometheus_exporter/cmd/main.go:340.2,344.40 3 1
github.com/MaximeWewer/OpenLDAP_prometheus_exporter/cmd/main.go:344.40,346.3 1 0
github.com/MaximeWewer/OpenLDAP_prometheus_exporter/cmd/main.go:348.2,349.40 2 1
github.com/MaximeWewer/OpenLDAP_prometheus_exporter/cmd/main.go:349.40,351.3 1 0
github.com/MaximeWewer/OpenLDAP_prometheus_exporter/cmd/main.go:353.2,355.94 3 1
github.com/MaximeWewer/OpenLDAP_prometheus_exporter/cmd/main.go:359.59,364.2 4 1
github.com/MaximeWewer/OpenLDAP_prometheus_exporter/cmd/main.go:367.100,389.2 8 1
github.com/MaximeWewer/OpenLDAP_prometheus_exporter/cmd/main.go:392.99,406.16 5 1
github.com/MaximeWewer/OpenLDAP_prometheus_exporter/cmd/main.go:406.16,410.3 3 0
github.com/MaximeWewer/OpenLDAP_prometheus_exporter/cmd/main.go:412.2,413.26 2 1
github.com/MaximeWewer/OpenLDAP_prometheus_exporter/pkg/exporter/exporter.go:64.41,66.2 1 1
github.com/MaximeWewer/OpenLDAP_prometheus_exporter/pkg/exporter/exporter.go:69.45,71.2 1 1
github.com/MaximeWewer/OpenLDAP_prometheus_exporter/pkg/exporter/exporter.go:74.64,76.2 1 1
github.com/MaximeWewer/OpenLDAP_prometheus_exporter/pkg/exporter/exporter.go:79.36,80.15 1 1
github.com/MaximeWewer/OpenLDAP_prometheus_exporter/pkg/exporter/exporter.go:80.15,82.3 1 1
github.com/MaximeWewer/OpenLDAP_prometheus_exporter/pkg/exporter/exporter.go:83.2,83.20 1 1
github.com/MaximeWewer/OpenLDAP_prometheus_exporter/pkg/exporter/exporter.go:83.20,85.3 1 0
github.com/MaximeWewer/OpenLDAP_prometheus_exporter/pkg/exporter/exporter.go:87.2,87.24 1 1
github.com/MaximeWewer/OpenLDAP_prometheus_exporter/pkg/exporter/exporter.go:87.24,88.39 1 1
github.com/MaximeWewer/OpenLDAP_prometheus_exporter/pkg/exporter/exporter.go:88.39,90.4 1 0
github.com/MaximeWewer/OpenLDAP_prometheus_exporter/pkg/exporter/exporter.go:92.2,92.12 1 1
github.com/MaximeWewer/OpenLDAP_prometheus_exporter/pkg/exporter/exporter.go:96.39,97.16 1 1
github.com/MaximeWewer/OpenLDAP_prometheus_exporter/pkg/exporter/exporter.go:97.16,99.3 1 1
github.com/MaximeWewer/OpenLDAP_prometheus_exporter/pkg/exporter/exporter.go:102.2,114.44 3 1
github.com/MaximeWewer/OpenLDAP_prometheus_exporter/pkg/exporter/exporter.go:114.44,115.42 1 1
github.com/MaximeWewer/OpenLDAP_prometheus_exporter/pkg/exporter/exporter.go:115.42,117.4 1 1
github.com/MaximeWewer/OpenLDAP_prometheus_exporter/pkg/exporter/exporter.go:120.2,120.14 1 1
github.com/MaximeWewer/OpenLDAP_prometheus_exporter/pkg/exporter/exporter.go:133.40,141.2 1 1
github.com/MaximeWewer/OpenLDAP_prometheus_exporter/pkg/exporter/exporter.go:144.66,145.18 1 1
github.com/MaximeWewer/OpenLDAP_prometheus_exporter/pkg/exporter/exporter.go:145.18,147.3 1 1
github.com/MaximeWewer/OpenLDAP_prometheus_exporter/pkg/exporter/exporter.go:150.2,151.31 2 1
github.com/MaximeWewer/OpenLDAP_prometheus_exporter/pkg/exporter/exporter.go:151.31,153.3 1 1
github.com/MaximeWewer/OpenLDAP_prometheus_exporter/pkg/exporter/exporter.go:156.2,156.34 1 1
github.com/MaximeWewer/OpenLDAP_prometheus_exporter/pkg/exporter/exporter.go:156.34,158.3 1 1
github.com/MaximeWewer/OpenLDAP_prometheus_exporter/pkg/exporter/exporter.go:161.2,165.34 3 1
github.com/MaximeWewer/OpenLDAP_prometheus_exporter/pkg/exporter/exporter.go:165.34,167.3 1 0
github.com/MaximeWewer/OpenLDAP_prometheus_exporter/pkg/exporter/exporter.go:169.2,169.19 1 1
github.com/MaximeWewer/OpenLDAP_prometheus_exporter/pkg/exporter/exporter.go:173.105,177.65 3 1
github.com/MaximeWewer/OpenLDAP_prometheus_exporter/pkg/exporter/exporter.go:177.65,179.10 1 1
github.com/MaximeWewer/OpenLDAP_prometheus_exporter/pkg/exporter/exporter.go:180.21,187.20 2 0
github.com/MaximeWewer/OpenLDAP_prometheus_exporter/pkg/exporter/exporter.go:188.11,188.11 0 1
github.com/MaximeWewer/OpenLDAP_prometheus_exporter/pkg/exporter/exporter.go:192.3,193.17 2 1
github.com/MaximeWewer/OpenLDAP_prometheus_exporter/pkg/exporter/exporter.go:193.17,195.19 1 1
github.com/MaximeWewer/OpenLDAP_prometheus_exporter/pkg/exporter/exporter.go:195.19,201.5 1 1
github.com/MaximeWewer/OpenLDAP_prometheus_exporter/pkg/exporter/exporter.go:202.4,202.14 1 1
github.com/MaximeWewer/OpenLDAP_prometheus_exporter/pkg/exporter/exporter.go:205.3,208.29 2 1
github.com/MaximeWewer/OpenLDAP_prometheus_exporter/pkg/exporter/exporter.go:208.29,216.4 2 1
github.com/MaximeWewer/OpenLDAP_prometheus_exporter/pkg/exporter/exporter.go:219.3,219.42 1 1
github.com/MaximeWewer/OpenLDAP_prometheus_exporter/pkg/exporter/exporter.go:219.42,231.11 3 1
github.com/MaximeWewer/OpenLDAP_prometheus_exporter/pkg/exporter/exporter.go:232.22,239.21 2 0
github.com/MaximeWewer/OpenLDAP_prometheus_exporter/pkg/exporter/exporter.go:240.29,240.29 0 1
github.com/MaximeWewer/OpenLDAP_prometheus_exporter/pkg/exporter/exporter.go:247.2,252.16 2 1
github.com/MaximeWewer/OpenLDAP_prometheus_exporter/pkg/exporter/exporter.go:274.64,301.2 6 1
github.com/MaximeWewer/OpenLDAP_prometheus_exporter/pkg/exporter/exporter.go:304.83,306.2 1 1
github.com/MaximeWewer/OpenLDAP_prometheus_exporter/pkg/exporter/exporter.go:309.71,315.2 1 1
github.com/MaximeWewer/OpenLDAP_prometheus_exporter/pkg/exporter/exporter.go:318.65,320.2 1 1
github.com/MaximeWewer/OpenLDAP_prometheus_exporter/pkg/exporter/exporter.go:323.65,332.45 5 1
github.com/MaximeWewer/OpenLDAP_prometheus_exporter/pkg/exporter/exporter.go:332.45,342.3 5 0
github.com/MaximeWewer/OpenLDAP_prometheus_exporter/pkg/exporter/exporter.go:344.2,354.4 5 1
github.com/MaximeWewer/OpenLDAP_prometheus_exporter/pkg/exporter/exporter.go:358.53,359.21 1 1
github.com/MaximeWewer/OpenLDAP_prometheus_exporter/pkg/exporter/exporter.go:359.21,361.3 1 1
github.com/MaximeWewer/OpenLDAP_prometheus_exporter/pkg/exporter/exporter.go:364.2,368.12 4 0
github.com/MaximeWewer/OpenLDAP_prometheus_exporter/pkg/exporter/exporter.go:372.78,393.32 4 1
github.com/MaximeWewer/OpenLDAP_prometheus_exporter/pkg/exporter/exporter.go:393.32,394.46 1 1
github.com/MaximeWewer/OpenLDAP_prometheus_exporter/pkg/exporter/exporter.go:394.46,396.4 1 1
github.com/MaximeWewer/OpenLDAP_prometheus_exporter/pkg/exporter/exporter.go:396.9,401.4 1 0
github.com/MaximeWewer/OpenLDAP_prometheus_exporter/pkg/exporter/exporter.go:404.2,404.21 1 1
github.com/MaximeWewer/OpenLDAP_prometheus_exporter/pkg/exporter/exporter.go:404.21,411.3 2 0
github.com/MaximeWewer/OpenLDAP_prometheus_exporter/pkg/exporter/exporter.go:414.2,417.29 3 1
github.com/MaximeWewer/OpenLDAP_prometheus_exporter/pkg/exporter/exporter.go:417.29,419.29 2 1
github.com/MaximeWewer/OpenLDAP_prometheus_exporter/pkg/exporter/exporter.go:419.29,422.11 2 1
github.com/MaximeWewer/OpenLDAP_prometheus_exporter/pkg/exporter/exporter.go:423.22,430.11 3 0
github.com/MaximeWewer/OpenLDAP_prometheus_exporter/pkg/exporter/exporter.go:431.12,438.12 2 1
github.com/MaximeWewer/OpenLDAP_prometheus_exporter/pkg/exporter/exporter.go:438.12,439.19 1 1
github.com/MaximeWewer/OpenLDAP_prometheus_exporter/pkg/exporter/exporter.go:439.19,440.35 1 1
github.com/MaximeWewer/OpenLDAP_prometheus_exporter/pkg/exporter/exporter.go:440.35,447.8 2 0
github.com/MaximeWewer/OpenLDAP_prometheus_exporter/pkg/exporter/exporter.go:449.6,449.23 1 1
github.com/MaximeWewer/OpenLDAP_prometheus_exporter/pkg/exporter/exporter.go:456.2,457.12 2 1
github.com/MaximeWewer/OpenLDAP_prometheus_exporter/pkg/exporter/exporter.go:457.12,460.3 2 1
github.com/MaximeWewer/OpenLDAP_prometheus_exporter/pkg/exporter/exporter.go:462.2,462.9 1 1
github.com/MaximeWewer/OpenLDAP_prometheus_exporter/pkg/exporter/exporter.go:463.14,469.28 3 0
github.com/MaximeWewer/OpenLDAP_prometheus_exporter/pkg/exporter/exporter.go:469.28,470.18 1 0
github.com/MaximeWewer/OpenLDAP_prometheus_exporter/pkg/exporter/exporter.go:470.18,472.5 1 0
github.com/MaximeWewer/OpenLDAP_prometheus_exporter/pkg/exporter/exporter.go:475.3,475.21 1 0
github.com/MaximeWewer/OpenLDAP_prometheus_exporter/pkg/exporter/exporter.go:475.21,484.4 3 0
github.com/MaximeWewer/OpenLDAP_prometheus_exporter/pkg/exporter/exporter.go:486.20,494.9 4 1
github.com/MaximeWewer/OpenLDAP_prometheus_exporter/pkg/exporter/exporter.go:499.69,501.15 2 1
github.com/MaximeWewer/OpenLDAP_prometheus_exporter/pkg/exporter/exporter.go:501.15,502.14 1 1
github.com/MaximeWewer/OpenLDAP_prometheus_exporter/pkg/exporter/exporter.go:502.14,504.4 1 0
github.com/MaximeWewer/OpenLDAP_prometheus_exporter/pkg/exporter/exporter.go:504.9,506.4 1 1
github.com/MaximeWewer/OpenLDAP_prometheus_exporter/pkg/exporter/exporter.go:509.2,509.89 1 1
github.com/MaximeWewer/OpenLDAP_prometheus_exporter/pkg/exporter/exporter.go:509.89,511.3 1 0
github.com/MaximeWewer/OpenLDAP_prometheus_exporter/pkg/exporter/exporter.go:511.8,513.3 1 1
github.com/MaximeWewer/OpenLDAP_prometheus_exporter/pkg/exporter/exporter.go:515.2,515.87 1 0
github.com/MaximeWewer/OpenLDAP_prometheus_exporter/pkg/exporter/exporter.go:515.87,518.3 2 0
github.com/MaximeWewer/OpenLDAP_prometheus_exporter/pkg/exporter/exporter.go:518.8,520.3 1 0
github.com/MaximeWewer/OpenLDAP_prometheus_exporter/pkg/exporter/exporter.go:522.2,522.16 1 0
github.com/MaximeWewer/OpenLDAP_prometheus_exporter/pkg/exporter/exporter.go:526.68,528.15 2 1
github.com/MaximeWewer/OpenLDAP_prometheus_exporter/pkg/exporter/exporter.go:528.15,529.14 1 1
github.com/MaximeWewer/OpenLDAP_prometheus_exporter/pkg/exporter/exporter.go:529.14,531.4 1 0
github.com/MaximeWewer/OpenLDAP_prometheus_exporter/pkg/exporter/exporter.go:531.9,533.4 1 1
github.com/MaximeWewer/OpenLDAP_prometheus_exporter/pkg/exporter/exporter.go:537.2,538.82 2 1
github.com/MaximeWewer/OpenLDAP_prometheus_exporter/pkg/exporter/exporter.go:538.82,542.3 3 1
github.com/MaximeWewer/OpenLDAP_prometheus_exporter/pkg/exporter/exporter.go:543.2,543.16 1 1
github.com/MaximeWewer/OpenLDAP_prometheus_exporter/pkg/exporter/exporter.go:543.16,550.3 2 1
github.com/MaximeWewer/OpenLDAP_prometheus_exporter/pkg/exporter/exporter.go:553.2,561.32 2 0
github.com/MaximeWewer/OpenLDAP_prometheus_exporter/pkg/exporter/exporter.go:561.32,567.3 2 0
github.com/MaximeWewer/OpenLDAP_prometheus_exporter/pkg/exporter/exporter.go:569.2,569.39 1 0
github.com/MaximeWewer/OpenLDAP_prometheus_exporter/pkg/exporter/exporter.go:569.39,570.31 1 0
github.com/MaximeWewer/OpenLDAP_prometheus_exporter/pkg/exporter/exporter.go:570.31,571.9 1 0
github.com/MaximeWewer/OpenLDAP_prometheus_exporter/pkg/exporter/exporter.go:574.3,574.19 1 0
github.com/MaximeWewer/OpenLDAP_prometheus_exporter/pkg/exporter/exporter.go:574.19,578.12 2 0
github.com/MaximeWewer/OpenLDAP_prometheus_exporter/pkg/exporter/exporter.go:581.3,582.37 2 0
github.com/MaximeWewer/OpenLDAP_prometheus_exporter/pkg/exporter/exporter.go:582.37,583.12 1 0
github.com/MaximeWewer/OpenLDAP_prometheus_exporter/pkg/exporter/exporter.go:587.3,587.20 1 0
github.com/MaximeWewer/OpenLDAP_prometheus_exporter/pkg/exporter/exporter.go:587.20,591.12 2 0
github.com/MaximeWewer/OpenLDAP_prometheus_exporter/pkg/exporter/exporter.go:594.3,595.23 2 0
github.com/MaximeWewer/OpenLDAP_prometheus_exporter/pkg/exporter/exporter.go:595.23,596.12 1 0
github.com/MaximeWewer/OpenLDAP_prometheus_exporter/pkg/exporter/exporter.go:600.3,600.27 1 0
github.com/MaximeWewer/OpenLDAP_prometheus_exporter/pkg/exporter/exporter.go:600.27,604.12 2 0
github.com/MaximeWewer/OpenLDAP_prometheus_exporter/pkg/exporter/exporter.go:607.3,607.51 1 0
github.com/MaximeWewer/OpenLDAP_prometheus_exporter/pkg/exporter/exporter.go:607.51,608.66 1 0
github.com/MaximeWewer/OpenLDAP_prometheus_exporter/pkg/exporter/exporter.go:608.66,611.5 2 0
github.com/MaximeWewer/OpenLDAP_prometheus_exporter/pkg/exporter/exporter.go:615.2,619.4 2 0
github.com/MaximeWewer/OpenLDAP_prometheus_exporter/pkg/exporter/exporter.go:623.68,625.15 2 1
github.com/MaximeWewer/OpenLDAP_prometheus_exporter/pkg/exporter/exporter.go:625.15,626.14 1 1
github.com/MaximeWewer/OpenLDAP_prometheus_exporter/pkg/exporter/exporter.go:626.14,628.4 1 0
github.com/MaximeWewer/OpenLDAP_prometheus_exporter/pkg/exporter/exporter.go:628.9,630.4 1 1
github.com/MaximeWewer/OpenLDAP_prometheus_exporter/pkg/exporter/exporter.go:634.2,635.82 2 1
github.com/MaximeWewer/OpenLDAP_prometheus_exporter/pkg/exporter/exporter.go:635.82,639.3 3 1
github.com/MaximeWewer/OpenLDAP_prometheus_exporter/pkg/exporter/exporter.go:640.2,640.16 1 1
github.com/MaximeWewer/OpenLDAP_prometheus_exporter/pkg/exporter/exporter.go:640.16,648.3 2 1
github.com/MaximeWewer/OpenLDAP_prometheus_exporter/pkg/exporter/exporter.go:650.2,650.39 1 0
github.com/MaximeWewer/OpenLDAP_prometheus_exporter/pkg/exporter/exporter.go:650.39,653.45 2 0
github.com/MaximeWewer/OpenLDAP_prometheus_exporter/pkg/exporter/exporter.go:653.45,654.12 1 0
github.com/MaximeWewer/OpenLDAP_prometheus_exporter/pkg/exporter/exporter.go:657.3,660.82 2 0
github.com/MaximeWewer/OpenLDAP_prometheus_exporter/pkg/exporter/exporter.go:660.82,661.65 1 0
github.com/MaximeWewer/OpenLDAP_prometheus_exporter/pkg/exporter/exporter.go:661.65,664.5 2 0
github.com/MaximeWewer/OpenLDAP_prometheus_exporter/pkg/exporter/exporter.go:668.3,668.82 1 0
github.com/MaximeWewer/OpenLDAP_prometheus_exporter/pkg/exporter/exporter.go:668.82,669.65 1 0
github.com/MaximeWewer/OpenLDAP_prometheus_exporter/pkg/exporter/exporter.go:669.65,672.5 2 0
github.com/MaximeWewer/OpenLDAP_prometheus_exporter/pkg/exporter/exporter.go:676.2,680.4 2 0
github.com/MaximeWewer/OpenLDAP_prometheus_exporter/pkg/exporter/exporter.go:684.65,686.15 2 1
github.com/MaximeWewer/OpenLDAP_prometheus_exporter/pkg/exporter/exporter.go:686.15,687.14 1 1
github.com/MaximeWewer/OpenLDAP_prometheus_exporter/pkg/exporter/exporter.go:687.14,689.4 1 0
github.com/MaximeWewer/OpenLDAP_prometheus_exporter/pkg/exporter/exporter.go:689.9,691.4 1 1
github.com/MaximeWewer/OpenLDAP_prometheus_exporter/pkg/exporter/exporter.go:695.2,696.79 2 1
github.com/MaximeWewer/OpenLDAP_prometheus_exporter/pkg/exporter/exporter.go:696.79,700.3 3 1
github.com/MaximeWewer/OpenLDAP_prometheus_exporter/pkg/exporter/exporter.go:701.2,701.16 1 1
github.com/MaximeWewer/OpenLDAP_prometheus_exporter/pkg/exporter/exporter.go:701.16,708.3 2 1
github.com/MaximeWewer/OpenLDAP_prometheus_exporter/pkg/exporter/exporter.go:711.2,721.39 2 0
github.com/MaximeWewer/OpenLDAP_prometheus_exporter/pkg/exporter/exporter.go:721.39,723.34 2 0
github.com/MaximeWewer/OpenLDAP_prometheus_exporter/pkg/exporter/exporter.go:723.34,724.12 1 0
github.com/MaximeWewer/OpenLDAP_prometheus_exporter/pkg/exporter/exporter.go:727.3,728.26 2 0
github.com/MaximeWewer/OpenLDAP_prometheus_exporter/pkg/exporter/exporter.go:728.26,729.12 1 0
github.com/MaximeWewer/OpenLDAP_prometheus_exporter/pkg/exporter/exporter.go:733.3,733.20 1 0
github.com/MaximeWewer/OpenLDAP_prometheus_exporter/pkg/exporter/exporter.go:733.20,735.12 2 0
github.com/MaximeWewer/OpenLDAP_prometheus_exporter/pkg/exporter/exporter.go:739.3,739.52 1 0
github.com/MaximeWewer/OpenLDAP_prometheus_exporter/pkg/exporter/exporter.go:739.52,740.69 1 0
github.com/MaximeWewer/OpenLDAP_prometheus_exporter/pkg/exporter/exporter.go:740.69,742.5 1 0
github.com/MaximeWewer/OpenLDAP_prometheus_exporter/pkg/exporter/exporter.go:746.2,750.4 2 0
github.com/MaximeWewer/OpenLDAP_prometheus_exporter/pkg/exporter/exporter.go:754.62,757.43 2 1
github.com/MaximeWewer/OpenLDAP_prometheus_exporter/pkg/exporter/exporter.go:757.43,758.88 1 0
github.com/MaximeWewer/OpenLDAP_prometheus_exporter/pkg/exporter/exporter.go:758.88,759.88 1 0
github.com/MaximeWewer/OpenLDAP_prometheus_exporter/pkg/exporter/exporter.go:759.88,761.5 1 0
github.com/MaximeWewer/OpenLDAP_prometheus_exporter/pkg/exporter/exporter.go:766.2,767.43 2 1
github.com/MaximeWewer/OpenLDAP_prometheus_exporter/pkg/exporter/exporter.go:767.43,768.98 1 0
github.com/MaximeWewer/OpenLDAP_prometheus_exporter/pkg/exporter/exporter.go:768.98,769.91 1 0
github.com/MaximeWewer/OpenLDAP_prometheus_exporter/pkg/exporter/exporter.go:769.91,772.5 2 0
github.com/MaximeWewer/OpenLDAP_prometheus_exporter/pkg/exporter/exporter.go:778.65,780.82 1 1
github.com/MaximeWewer/OpenLDAP_prometheus_exporter/pkg/exporter/exporter.go:780.82,782.3 1 0
github.com/MaximeWewer/OpenLDAP_prometheus_exporter/pkg/exporter/exporter.go:785.2,785.83 1 1
github.com/MaximeWewer/OpenLDAP_prometheus_exporter/pkg/exporter/exporter.go:785.83,787.3 1 0
github.com/MaximeWewer/OpenLDAP_prometheus_exporter/pkg/exporter/exporter.go:791.66,793.16 2 1
github.com/MaximeWewer/OpenLDAP_prometheus_exporter/pkg/exporter/exporter.go:793.16,795.3 1 1
github.com/MaximeWewer/OpenLDAP_prometheus_exporter/pkg/exporter/exporter.go:797.2,797.39 1 0
github.com/MaximeWewer/OpenLDAP_prometheus_exporter/pkg/exporter/exporter.go:797.39,799.53 2 0
github.com/MaximeWewer/OpenLDAP_prometheus_exporter/pkg/exporter/exporter.go:799.53,800.12 1 0
github.com/MaximeWewer/OpenLDAP_prometheus_exporter/pkg/exporter/exporter.go:803.3,804.67 2 0
github.com/MaximeWewer/OpenLDAP_prometheus_exporter/pkg/exporter/exporter.go:804.67,806.4 1 0
github.com/MaximeWewer/OpenLDAP_prometheus_exporter/pkg/exporter/exporter.go:808.3,808.77 1 0
github.com/MaximeWewer/OpenLDAP_prometheus_exporter/pkg/exporter/exporter.go:813.61,815.16 2 1
github.com/MaximeWewer/OpenLDAP_prometheus_exporter/pkg/exporter/exporter.go:815.16,817.3 1 1
github.com/MaximeWewer/OpenLDAP_prometheus_exporter/pkg/exporter/exporter.go:819.2,819.39 1 0
github.com/MaximeWewer/OpenLDAP_prometheus_exporter/pkg/exporter/exporter.go:819.39,821.22 2 0
github.com/MaximeWewer/OpenLDAP_prometheus_exporter/pkg/exporter/exporter.go:821.22,822.12 1 0
github.com/MaximeWewer/OpenLDAP_prometheus_exporter/pkg/exporter/exporter.go:825.3,826.67 2 0
github.com/MaximeWewer/OpenLDAP_prometheus_exporter/pkg/exporter/exporter.go:826.67,828.4 1 0
github.com/MaximeWewer/OpenLDAP_prometheus_exporter/pkg/exporter/exporter.go:830.3,830.70 1 0
github.com/MaximeWewer/OpenLDAP_prometheus_exporter/pkg/exporter/exporter.go:835.66,837.16 2 1
github.com/MaximeWewer/OpenLDAP_prometheus_exporter/pkg/exporter/exporter.go:837.16,839.3 1 1
github.com/MaximeWewer/OpenLDAP_prometheus_exporter/pkg/exporter/exporter.go:841.2,841.39 1 0
github.com/MaximeWewer/OpenLDAP_prometheus_exporter/pkg/exporter/exporter.go:841.39,843.53 2 0
github.com/MaximeWewer/OpenLDAP_prometheus_exporter/pkg/exporter/exporter.go:843.53,844.12 1 0
github.com/MaximeWewer/OpenLDAP_prometheus_exporter/pkg/exporter/exporter.go:847.3,848.24 2 0
github.com/MaximeWewer/OpenLDAP_prometheus_exporter/pkg/exporter/exporter.go:848.24,850.4 1 0
github.com/MaximeWewer/OpenLDAP_prometheus_exporter/pkg/exporter/exporter.go:852.3,852.82 1 0
github.com/MaximeWewer/OpenLDAP_prometheus_exporter/pkg/exporter/exporter.go:857.67,859.16 2 1
github.com/MaximeWewer/OpenLDAP_prometheus_exporter/pkg/exporter/exporter.go:859.16,861.3 1 1
github.com/MaximeWewer/OpenLDAP_prometheus_exporter/pkg/exporter/exporter.go:863.2,863.39 1 0
github.com/MaximeWewer/OpenLDAP_prometheus_exporter/pkg/exporter/exporter.go:863.39,867.56 3 0
github.com/MaximeWewer/OpenLDAP_prometheus_exporter/pkg/exporter/exporter.go:867.56,868.21 1 0
github.com/MaximeWewer/OpenLDAP_prometheus_exporter/pkg/exporter/exporter.go:868.21,870.5 1 0
github.com/MaximeWewer/OpenLDAP_prometheus_exporter/pkg/exporter/exporter.go:871.4,871.81 1 0
github.com/MaximeWewer/OpenLDAP_prometheus_exporter/pkg/exporter/exporter.go:877.64,879.15 2 1
github.com/MaximeWewer/OpenLDAP_prometheus_exporter/pkg/exporter/exporter.go:879.15,880.14 1 1
github.com/MaximeWewer/OpenLDAP_prometheus_exporter/pkg/exporter/exporter.go:880.14,882.4 1 0
github.com/MaximeWewer/OpenLDAP_prometheus_exporter/pkg/exporter/exporter.go:882.9,884.4 1 1
github.com/MaximeWewer/OpenLDAP_prometheus_exporter/pkg/exporter/exporter.go:887.2,895.16 5 1
github.com/MaximeWewer/OpenLDAP_prometheus_exporter/pkg/exporter/exporter.go:895.16,899.3 3 1
github.com/MaximeWewer/OpenLDAP_prometheus_exporter/pkg/exporter/exporter.go:899.8,901.3 1 0
github.com/MaximeWewer/OpenLDAP_prometheus_exporter/pkg/exporter/exporter.go:903.2,903.16 1 0
github.com/MaximeWewer/OpenLDAP_prometheus_exporter/pkg/exporter/exporter.go:907.66,910.16 2 1
github.com/MaximeWewer/OpenLDAP_prometheus_exporter/pkg/exporter/exporter.go:910.16,913.3 2 1
github.com/MaximeWewer/OpenLDAP_prometheus_exporter/pkg/exporter/exporter.go:915.2,915.39 1 0
github.com/MaximeWewer/OpenLDAP_prometheus_exporter/pkg/exporter/exporter.go:915.39,920.44 4 0
github.com/MaximeWewer/OpenLDAP_prometheus_exporter/pkg/exporter/exporter.go:920.44,921.12 1 0
github.com/MaximeWewer/OpenLDAP_prometheus_exporter/pkg/exporter/exporter.go:925.3,929.33 3 0
github.com/MaximeWewer/OpenLDAP_prometheus_exporter/pkg/exporter/exporter.go:929.33,932.4 1 0
github.com/MaximeWewer/OpenLDAP_prometheus_exporter/pkg/exporter/exporter.go:932.9,934.40 1 0
github.com/MaximeWewer/OpenLDAP_prometheus_exporter/pkg/exporter/exporter.go:934.40,935.37 1 0
github.com/MaximeWewer/OpenLDAP_prometheus_exporter/pkg/exporter/exporter.go:935.37,937.11 2 0
github.com/MaximeWewer/OpenLDAP_prometheus_exporter/pkg/exporter/exporter.go:942.3,942.21 1 0
github.com/MaximeWewer/OpenLDAP_prometheus_exporter/pkg/exporter/exporter.go:942.21,948.12 2 0
github.com/MaximeWewer/OpenLDAP_prometheus_exporter/pkg/exporter/exporter.go:951.3,959.39 2 0
github.com/MaximeWewer/OpenLDAP_prometheus_exporter/pkg/exporter/exporter.go:959.39,961.4 1 0
github.com/MaximeWewer/OpenLDAP_prometheus_exporter/pkg/exporter/exporter.go:964.3,964.33 1 0
github.com/MaximeWewer/OpenLDAP_prometheus_exporter/pkg/exporter/exporter.go:964.33,966.4 1 0
github.com/MaximeWewer/OpenLDAP_prometheus_exporter/pkg/exporter/exporter.go:971.72,972.14 1 1
github.com/MaximeWewer/OpenLDAP_prometheus_exporter/pkg/exporter/exporter.go:972.14,974.3 1 1
github.com/MaximeWewer/OpenLDAP_prometheus_exporter/pkg/exporter/exporter.go:977.2,977.20 1 1
github.com/MaximeWewer/OpenLDAP_prometheus_exporter/pkg/exporter/exporter.go:977.20,983.3 2 0
github.com/MaximeWewer/OpenLDAP_prometheus_exporter/pkg/exporter/exporter.go:985.2,991.22 3 1
github.com/MaximeWewer/OpenLDAP_prometheus_exporter/pkg/exporter/exporter.go:991.22,997.3 2 0
github.com/MaximeWewer/OpenLDAP_prometheus_exporter/pkg/exporter/exporter.go:999.2,999.29 1 1
github.com/MaximeWewer/OpenLDAP_prometheus_exporter/pkg/exporter/exporter.go:999.29,1000.22 1 1
github.com/MaximeWewer/OpenLDAP_prometheus_exporter/pkg/exporter/exporter.go:1000.22,1001.9 1 0
github.com/MaximeWewer/OpenLDAP_prometheus_exporter/pkg/exporter/exporter.go:1004.3,1005.20 2 1
github.com/MaximeWewer/OpenLDAP_prometheus_exporter/pkg/exporter/exporter.go:1005.20,1006.12 1 0
github.com/MaximeWewer/OpenLDAP_prometheus_exporter/pkg/exporter/exporter.go:1009.3,1009.54 1 1
github.com/MaximeWewer/OpenLDAP_prometheus_exporter/pkg/exporter/exporter.go:1009.54,1011.21 1 1
github.com/MaximeWewer/OpenLDAP_prometheus_exporter/pkg/exporter/exporter.go:1011.21,1013.45 2 1
github.com/MaximeWewer/OpenLDAP_prometheus_exporter/pkg/exporter/exporter.go:1013.45,1015.6 1 1
github.com/MaximeWewer/OpenLDAP_prometheus_exporter/pkg/exporter/exporter.go:1020.2,1020.25 1 1
github.com/MaximeWewer/OpenLDAP_prometheus_exporter/pkg/exporter/exporter.go:1024.74,1026.84 2 1
github.com/MaximeWewer/OpenLDAP_prometheus_exporter/pkg/exporter/exporter.go:1026.84,1030.3 3 1
github.com/MaximeWewer/OpenLDAP_prometheus_exporter/pkg/exporter/exporter.go:1031.2,1031.16 1 1
github.com/MaximeWewer/OpenLDAP_prometheus_exporter/pkg/exporter/exporter.go:1031.16,1036.3 2 1
github.com/MaximeWewer/OpenLDAP_prometheus_exporter/pkg/exporter/exporter.go:1038.2,1038.30 1 0
github.com/MaximeWewer/OpenLDAP_prometheus_exporter/pkg/exporter/exporter.go:1038.30,1041.3 2 0
github.com/MaximeWewer/OpenLDAP_prometheus_exporter/pkg/exporter/exporter.go:1043.2,1044.22 2 0
github.com/MaximeWewer/OpenLDAP_prometheus_exporter/pkg/exporter/exporter.go:1044.22,1047.3 2 0
github.com/MaximeWewer/OpenLDAP_prometheus_exporter/pkg/exporter/exporter.go:1049.2,1050.21 2 0
github.com/MaximeWewer/OpenLDAP_prometheus_exporter/pkg/exporter/exporter.go:1050.21,1056.3 2 0
github.com/MaximeWewer/OpenLDAP_prometheus_exporter/pkg/exporter/exporter.go:1058.2,1058.17 1 0
github.com/MaximeWewer/OpenLDAP_prometheus_exporter/pkg/exporter/exporter.go:1063.112,1068.18 3 1
github.com/MaximeWewer/OpenLDAP_prometheus_exporter/pkg/exporter/exporter.go:1068.18,1076.3 3 1
github.com/MaximeWewer/OpenLDAP_prometheus_exporter/pkg/exporter/exporter.go:1079.2,1079.42 1 1
github.com/MaximeWewer/OpenLDAP_prometheus_exporter/pkg/exporter/exporter.go:1079.42,1086.3 1 1
github.com/MaximeWewer/OpenLDAP_prometheus_exporter/pkg/exporter/exporter.go:1089.2,1089.41 1 1
github.com/MaximeWewer/OpenLDAP_prometheus_exporter/pkg/exporter/exporter.go:1089.41,1096.3 3 0
github.com/MaximeWewer/OpenLDAP_prometheus_exporter/pkg/exporter/exporter.go:1099.2,1099.43 1 1
github.com/MaximeWewer/OpenLDAP_prometheus_exporter/pkg/exporter/exporter.go:1099.43,1109.65 5 0
github.com/MaximeWewer/OpenLDAP_prometheus_exporter/pkg/exporter/exporter.go:1109.65,1111.58 1 0
github.com/MaximeWewer/OpenLDAP_prometheus_exporter/pkg/exporter/exporter.go:1111.58,1115.5 3 0
github.com/MaximeWewer/OpenLDAP_prometheus_exporter/pkg/exporter/exporter.go:1116.4,1116.10 1 0
github.com/MaximeWewer/OpenLDAP_prometheus_exporter/pkg/exporter/exporter.go:1121.2,1122.13 2 1
github.com/MaximeWewer/OpenLDAP_prometheus_exporter/pkg/exporter/exporter.go:1122.13,1131.26 2 1
github.com/MaximeWewer/OpenLDAP_prometheus_exporter/pkg/exporter/exporter.go:1131.26,1138.4 3 0
github.com/MaximeWewer/OpenLDAP_prometheus_exporter/pkg/exporter/exporter.go:1140.3,1151.9 4 1
github.com/MaximeWewer/OpenLDAP_prometheus_exporter/pkg/exporter/exporter.go:1155.2,1155.18 1 1
github.com/MaximeWewer/OpenLDAP_prometheus_exporter/pkg/exporter/exporter.go:1155.18,1169.3 4 0
github.com/MaximeWewer/OpenLDAP_prometheus_exporter/pkg/exporter/exporter.go:1172.2,1172.57 1 1
github.com/MaximeWewer/OpenLDAP_prometheus_exporter/pkg/exporter/exporter.go:1172.57,1179.3 2 0
github.com/MaximeWewer/OpenLDAP_prometheus_exporter/pkg/exporter/exporter.go:1180.2,1187.27 4 1
github.com/MaximeWewer/OpenLDAP_prometheus_exporter/pkg/exporter/exporter.go:1187.27,1189.16 2 1
github.com/MaximeWewer/OpenLDAP_prometheus_exporter/pkg/exporter/exporter.go:1189.16,1191.41 1 1
github.com/MaximeWewer/OpenLDAP_prometheus_exporter/pkg/exporter/exporter.go:1191.41,1202.5 3 0
github.com/MaximeWewer/OpenLDAP_prometheus_exporter/pkg/exporter/exporter.go:1204.4,1209.6 2 1
github.com/MaximeWewer/OpenLDAP_prometheus_exporter/pkg/exporter/exporter.go:1211.8,1213.43 1 1
github.com/MaximeWewer/OpenLDAP_prometheus_exporter/pkg/exporter/exporter.go:1213.43,1222.4 3 0
github.com/MaximeWewer/OpenLDAP_prometheus_exporter/pkg/exporter/exporter.go:1225.3,1231.5 2 1
github.com/MaximeWewer/OpenLDAP_prometheus_exporter/pkg/exporter/exporter.go:1235.2,1235.24 1 1
github.com/MaximeWewer/OpenLDAP_prometheus_exporter/pkg/exporter/exporter.go:1239.132,1244.18 3 1
github.com/MaximeWewer/OpenLDAP_prometheus_exporter/pkg/exporter/exporter.go:1244.18,1253.3 3 0
github.com/MaximeWewer/OpenLDAP_prometheus_exporter/pkg/exporter/exporter.go:1256.2,1256.42 1 1
github.com/MaximeWewer/OpenLDAP_prometheus_exporter/pkg/exporter/exporter.go:1256.42,1263.3 1 0
github.com/MaximeWewer/OpenLDAP_prometheus_exporter/pkg/exporter/exporter.go:1266.2,1266.41 1 1
github.com/MaximeWewer/OpenLDAP_prometheus_exporter/pkg/exporter/exporter.go:1266.41,1274.3 3 0
github.com/MaximeWewer/OpenLDAP_prometheus_exporter/pkg/exporter/exporter.go:1277.2,1277.43 1 1
github.com/MaximeWewer/OpenLDAP_prometheus_exporter/pkg/exporter/exporter.go:1277.43,1287.65 5 0
github.com/MaximeWewer/OpenLDAP_prometheus_exporter/pkg/exporter/exporter.go:1287.65,1289.58 1 0
github.com/MaximeWewer/OpenLDAP_prometheus_exporter/pkg/exporter/exporter.go:1289.58,1293.5 3 0
github.com/MaximeWewer/OpenLDAP_prometheus_exporter/pkg/exporter/exporter.go:1294.4,1294.10 1 0
github.com/MaximeWewer/OpenLDAP_prometheus_exporter/pkg/exporter/exporter.go:1299.2,1300.13 2 1
github.com/MaximeWewer/OpenLDAP_prometheus_exporter/pkg/exporter/exporter.go:1300.13,1309.26 2 1
github.com/MaximeWewer/OpenLDAP_prometheus_exporter/pkg/exporter/exporter.go:1309.26,1317.4 3 0
github.com/MaximeWewer/OpenLDAP_prometheus_exporter/pkg/exporter/exporter.go:1319.3,1331.9 4 1
github.com/MaximeWewer/OpenLDAP_prometheus_exporter/pkg/exporter/exporter.go:1335.2,1335.18 1 1
github.com/MaximeWewer/OpenLDAP_prometheus_exporter/pkg/exporter/exporter.go:1335.18,1349.3 4 0
github.com/MaximeWewer/OpenLDAP_prometheus_exporter/pkg/exporter/exporter.go:1352.2,1352.57 1 1
github.com/MaximeWewer/OpenLDAP_prometheus_exporter/pkg/exporter/exporter.go:1352.57,1360.3 2 0
github.com/MaximeWewer/OpenLDAP_prometheus_exporter/pkg/exporter/exporter.go:1361.2,1368.27 4 1
github.com/MaximeWewer/OpenLDAP_prometheus_exporter/pkg/exporter/exporter.go:1368.27,1370.16 2 1
github.com/MaximeWewer/OpenLDAP_prometheus_exporter/pkg/exporter/exporter.go:1370.16,1372.41 1 1
github.com/MaximeWewer/OpenLDAP_prometheus_exporter/pkg/exporter/exporter.go:1372.41,1384.5 3 0
github.com/MaximeWewer/OpenLDAP_prometheus_exporter/pkg/exporter/exporter.go:1386.4,1392.6 2 1
github.com/MaximeWewer/OpenLDAP_prometheus_exporter/pkg/exporter/exporter.go:1394.8,1396.43 1 0
github.com/MaximeWewer/OpenLDAP_prometheus_exporter/pkg/exporter/exporter.go:1396.43,1406.4 3 0
github.com/MaximeWewer/OpenLDAP_prometheus_exporter/pkg/exporter/exporter.go:1409.3,1416.5 2 0
github.com/MaximeWewer/OpenLDAP_prometheus_exporter/pkg/exporter/exporter.go:1420.2,1420.24 1 1
github.com/MaximeWewer/OpenLDAP_prometheus_exporter/pkg/exporter/exporter.go:1424.49,1426.6 2 1
github.com/MaximeWewer/OpenLDAP_prometheus_exporter/pkg/exporter/exporter.go:1426.6,1427.10 1 1
github.com/MaximeWewer/OpenLDAP_prometheus_exporter/pkg/exporter/exporter.go:1428.28,1430.40 1 0
github.com/MaximeWewer/OpenLDAP_prometheus_exporter/pkg/exporter/exporter.go:1430.40,1432.5 1 0
github.com/MaximeWewer/OpenLDAP_prometheus_exporter/pkg/exporter/exporter.go:1433.4,1433.30 1 0
github.com/MaximeWewer/OpenLDAP_prometheus_exporter/pkg/exporter/exporter.go:1434.24,1435.10 1 1
github.com/MaximeWewer/OpenLDAP_prometheus_exporter/pkg/exporter/exporter.go:1441.53,1443.25 1 1
github.com/MaximeWewer/OpenLDAP_prometheus_exporter/pkg/exporter/exporter.go:1443.25,1445.3 1 0
github.com/MaximeWewer/OpenLDAP_prometheus_exporter/pkg/exporter/exporter.go:1447.2,1451.25 3 1
github.com/MaximeWewer/OpenLDAP_prometheus_exporter/pkg/exporter/exporter.go:1451.25,1453.3 1 0
github.com/MaximeWewer/OpenLDAP_prometheus_exporter/pkg/exporter/exporter.go:1455.2,1460.39 5 1
github.com/MaximeWewer/OpenLDAP_prometheus_exporter/pkg/exporter/exporter.go:1460.39,1461.19 1 1
github.com/MaximeWewer/OpenLDAP_prometheus_exporter/pkg/exporter/exporter.go:1461.19,1464.12 2 0
github.com/MaximeWewer/OpenLDAP_prometheus_exporter/pkg/exporter/exporter.go:1468.3,1468.57 1 1
github.com/MaximeWewer/OpenLDAP_prometheus_exporter/pkg/exporter/exporter.go:1468.57,1469.37 1 1
github.com/MaximeWewer/OpenLDAP_prometheus_exporter/pkg/exporter/exporter.go:1469.37,1471.5 1 1
github.com/MaximeWewer/OpenLDAP_prometheus_exporter/pkg/exporter/exporter.go:1471.10,1474.5 1 1
github.com/MaximeWewer/OpenLDAP_prometheus_exporter/pkg/exporter/exporter.go:1479.2,1479.35 1 1
github.com/MaximeWewer/OpenLDAP_prometheus_exporter/pkg/exporter/exporter.go:1479.35,1480.49 1 1
github.com/MaximeWewer/OpenLDAP_prometheus_exporter/pkg/exporter/exporter.go:1480.49,1482.20 1 1
github.com/MaximeWewer/OpenLDAP_prometheus_exporter/pkg/exporter/exporter.go:1482.20,1484.5 1 1
github.com/MaximeWewer/OpenLDAP_prometheus_exporter/pkg/exporter/exporter.go:1485.4,1486.13 2 1
github.com/MaximeWewer/OpenLDAP_prometheus_exporter/pkg/exporter/exporter.go:1490.2,1490.17 1 1
github.com/MaximeWewer/OpenLDAP_prometheus_exporter/pkg/exporter/exporter.go:1490.17,1495.3 1 1
github.com/MaximeWewer/OpenLDAP_prometheus_exporter/pkg/exporter/exporter.go:1499.36,1504.28 2 1
github.com/MaximeWewer/OpenLDAP_prometheus_exporter/pkg/exporter/exporter.go:1504.28,1506.3 1 1
github.com/MaximeWewer/OpenLDAP_prometheus_exporter/pkg/exporter/exporter.go:1507.2,1507.26 1 1
github.com/MaximeWewer/OpenLDAP_prometheus_exporter/pkg/exporter/exporter.go:1507.26,1510.10 2 1
github.com/MaximeWewer/OpenLDAP_prometheus_exporter/pkg/exporter/exporter.go:1511.24,1511.24 0 1
github.com/MaximeWewer/OpenLDAP_prometheus_exporter/pkg/exporter/exporter.go:1513.38,1514.82 1 0
github.com/MaximeWewer/OpenLDAP_prometheus_exporter/pkg/exporter/exporter.go:1519.2,1520.39 2 1
github.com/MaximeWewer/OpenLDAP_prometheus_exporter/pkg/exporter/exporter.go:1520.39,1521.19 1 1
github.com/MaximeWewer/OpenLDAP_prometheus_exporter/pkg/exporter/exporter.go:1521.19,1523.48 1 1
github.com/MaximeWewer/OpenLDAP_prometheus_exporter/pkg/exporter/exporter.go:1523.48,1525.5 1 0
github.com/MaximeWewer/OpenLDAP_prometheus_exporter/pkg/exporter/exporter.go:1527.3,1527.28 1 1
github.com/MaximeWewer/OpenLDAP_prometheus_exporter/pkg/exporter/exporter.go:1529.2,1533.21 3 1
github.com/MaximeWewer/OpenLDAP_prometheus_exporter/pkg/exporter/exporter.go:1533.21,1536.3 2 1
github.com/MaximeWewer/OpenLDAP_prometheus_exporter/pkg/circuitbreaker/circuitbreaker.go:25.32,26.11 1 1
github.com/MaximeWewer/OpenLDAP_prometheus_exporter/pkg/circuitbreaker/circuitbreaker.go:27.19,28.18 1 1
github.com/MaximeWewer/OpenLDAP_prometheus_exporter/pkg/circuitbreaker/circuitbreaker.go:29.17,30.16 1 1
github.com/MaximeWewer/OpenLDAP_prometheus_exporter/pkg/circuitbreaker/circuitbreaker.go:31.21,32.21 1 1
github.com/MaximeWewer/OpenLDAP_prometheus_exporter/pkg/circuitbreaker/circuitbreaker.go:33.10,34.19 1 1
github.com/MaximeWewer/OpenLDAP_prometheus_exporter/pkg/circuitbreaker/circuitbreaker.go:51.57,58.2 1 1
github.com/MaximeWewer/OpenLDAP_prometheus_exporter/pkg/circuitbreaker/circuitbreaker.go:83.69,84.29 1 1
github.com/MaximeWewer/OpenLDAP_prometheus_exporter/pkg/circuitbreaker/circuitbreaker.go:84.29,86.3 1 1
github.com/MaximeWewer/OpenLDAP_prometheus_exporter/pkg/circuitbreaker/circuitbreaker.go:87.2,87.25 1 1
github.com/MaximeWewer/OpenLDAP_prometheus_exporter/pkg/circuitbreaker/circuitbreaker.go:87.25,89.3 1 1
github.com/MaximeWewer/OpenLDAP_prometheus_exporter/pkg/circuitbreaker/circuitbreaker.go:90.2,90.30 1 1
github.com/MaximeWewer/OpenLDAP_prometheus_exporter/pkg/circuitbreaker/circuitbreaker.go:90.30,92.3 1 1
github.com/MaximeWewer/OpenLDAP_prometheus_exporter/pkg/circuitbreaker/circuitbreaker.go:93.2,93.34 1 1
github.com/MaximeWewer/OpenLDAP_prometheus_exporter/pkg/circuitbreaker/circuitbreaker.go:93.34,95.3 1 1
github.com/MaximeWewer/OpenLDAP_prometheus_exporter/pkg/circuitbreaker/circuitbreaker.go:98.2,114.11 4 1
github.com/MaximeWewer/OpenLDAP_prometheus_exporter/pkg/circuitbreaker/circuitbreaker.go:118.81,122.2 3 1
github.com/MaximeWewer/OpenLDAP_prometheus_exporter/pkg/circuitbreaker/circuitbreaker.go:125.55,130.22 3 1
github.com/MaximeWewer/OpenLDAP_prometheus_exporter/pkg/circuitbreaker/circuitbreaker.go:130.22,143.3 6 1
github.com/MaximeWewer/OpenLDAP_prometheus_exporter/pkg/circuitbreaker/circuitbreaker.go:145.2,153.12 4 1
github.com/MaximeWewer/OpenLDAP_prometheus_exporter/pkg/circuitbreaker/circuitbreaker.go:157.45,160.18 2 1
github.com/MaximeWewer/OpenLDAP_prometheus_exporter/pkg/circuitbreaker/circuitbreaker.go:161.19,162.14 1 1
github.com/MaximeWewer/OpenLDAP_prometheus_exporter/pkg/circuitbreaker/circuitbreaker.go:164.17,166.55 1 1
github.com/MaximeWewer/OpenLDAP_prometheus_exporter/pkg/circuitbreaker/circuitbreaker.go:166.55,169.4 2 1
github.com/MaximeWewer/OpenLDAP_prometheus_exporter/pkg/circuitbreaker/circuitbreaker.go:170.3,170.15 1 1
github.com/MaximeWewer/OpenLDAP_prometheus_exporter/pkg/circuitbreaker/circuitbreaker.go:172.21,174.14 1 1
github.com/MaximeWewer/OpenLDAP_prometheus_exporter/pkg/circuitbreaker/circuitbreaker.go:176.10,177.15 1 1
github.com/MaximeWewer/OpenLDAP_prometheus_exporter/pkg/circuitbreaker/circuitbreaker.go:182.51,186.16 3 1
github.com/MaximeWewer/OpenLDAP_prometheus_exporter/pkg/circuitbreaker/circuitbreaker.go:186.16,188.3 1 1
github.com/MaximeWewer/OpenLDAP_prometheus_exporter/pkg/circuitbreaker/circuitbreaker.go:188.8,190.3 1 1
github.com/MaximeWewer/OpenLDAP_prometheus_exporter/pkg/circuitbreaker/circuitbreaker.go:194.39,200.18 5 1
github.com/MaximeWewer/OpenLDAP_prometheus_exporter/pkg/circuitbreaker/circuitbreaker.go:201.19,202.43 1 1
github.com/MaximeWewer/OpenLDAP_prometheus_exporter/pkg/circuitbreaker/circuitbreaker.go:202.43,208.4 2 1
github.com/MaximeWewer/OpenLDAP_prometheus_exporter/pkg/circuitbreaker/circuitbreaker.go:210.21,215.5 2 0
github.com/MaximeWewer/OpenLDAP_prometheus_exporter/pkg/circuitbreaker/circuitbreaker.go:220.39,221.18 1 1
github.com/MaximeWewer/OpenLDAP_prometheus_exporter/pkg/circuitbreaker/circuitbreaker.go:222.19,224.22 1 1
github.com/MaximeWewer/OpenLDAP_prometheus_exporter/pkg/circuitbreaker/circuitbreaker.go:224.22,227.4 2 1
github.com/MaximeWewer/OpenLDAP_prometheus_exporter/pkg/circuitbreaker/circuitbreaker.go:229.21,231.49 2 1
github.com/MaximeWewer/OpenLDAP_prometheus_exporter/pkg/circuitbreaker/circuitbreaker.go:231.49,238.4 3 1
github.com/MaximeWewer/OpenLDAP_prometheus_exporter/pkg/circuitbreaker/circuitbreaker.go:243.52,248.29 4 1
github.com/MaximeWewer/OpenLDAP_prometheus_exporter/pkg/circuitbreaker/circuitbreaker.go:248.29,253.3 2 1
github.com/MaximeWewer/OpenLDAP_prometheus_exporter/pkg/circuitbreaker/circuitbreaker.go:255.2,258.4 1 1
github.com/MaximeWewer/OpenLDAP_prometheus_exporter/pkg/circuitbreaker/circuitbreaker.go:262.44,266.2 3 1
github.com/MaximeWewer/OpenLDAP_prometheus_exporter/pkg/circuitbreaker/circuitbreaker.go:269.61,283.2 3 1
github.com/MaximeWewer/OpenLDAP_prometheus_exporter/pkg/circuitbreaker/circuitbreaker.go:286.35,301.29 9 1
github.com/MaximeWewer/OpenLDAP_prometheus_exporter/pkg/circuitbreaker/circuitbreaker.go:301.29,304.3 2 0
github.com/MaximeWewer/OpenLDAP_prometheus_exporter/pkg/circuitbreaker/circuitbreaker.go:308.44,312.2 3 1
github.com/MaximeWewer/OpenLDAP_prometheus_exporter/pkg/circuitbreaker/circuitbreaker.go:315.100,324.12 5 1
github.com/MaximeWewer/OpenLDAP_prometheus_exporter/pkg/circuitbreaker/circuitbreaker.go:324.12,325.16 1 1
github.com/MaximeWewer/OpenLDAP_prometheus_exporter/pkg/circuitbreaker/circuitbreaker.go:325.16,326.32 1 1
github.com/MaximeWewer/OpenLDAP_prometheus_exporter/pkg/circuitbreaker/circuitbreaker.go:326.32,332.5 1 1
github.com/MaximeWewer/OpenLDAP_prometheus_exporter/pkg/circuitbreaker/circuitbreaker.go:333.4,333.15 1 1
github.com/MaximeWewer/OpenLDAP_prometheus_exporter/pkg/circuitbreaker/circuitbreaker.go:335.3,335.31 1 1
github.com/MaximeWewer/OpenLDAP_prometheus_exporter/pkg/circuitbreaker/circuitbreaker.go:338.2,338.9 1 1
github.com/MaximeWewer/OpenLDAP_prometheus_exporter/pkg/circuitbreaker/circuitbreaker.go:339.14,339.14 0 1
github.com/MaximeWewer/OpenLDAP_prometheus_exporter/pkg/circuitbreaker/circuitbreaker.go:341.20,345.5 1 1
github.com/MaximeWewer/OpenLDAP_prometheus_exporter/pkg/circuitbreaker/circuitbreaker.go:350.35,356.12 3 1
github.com/MaximeWewer/OpenLDAP_prometheus_exporter/pkg/circuitbreaker/circuitbreaker.go:356.12,359.3 2 1
github.com/MaximeWewer/OpenLDAP_prometheus_exporter/pkg/circuitbreaker/circuitbreaker.go:361.2,361.9 1 1
github.com/MaximeWewer/OpenLDAP_prometheus_exporter/pkg/circuitbreaker/circuitbreaker.go:362.14,363.70 1 1
github.com/MaximeWewer/OpenLDAP_prometheus_exporter/pkg/circuitbreaker/circuitbreaker.go:364.38,365.107 1 0
github.com/MaximeWewer/OpenLDAP_prometheus_exporter/pkg/circuitbreaker/circuitbreaker.go:370.39,374.27 3 1
github.com/MaximeWewer/OpenLDAP_prometheus_exporter/pkg/circuitbreaker/circuitbreaker.go:374.27,383.30 5 1
github.com/MaximeWewer/OpenLDAP_prometheus_exporter/pkg/circuitbreaker/circuitbreaker.go:383.30,386.4 2 0
